<?xml version="1.0" encoding="UTF-8"?>
<robot generator="Robot 4.1.3 (Python 3.9.5 on win32)" generated="20220615 09:28:48.509" rpa="false" schemaversion="2">
<suite id="s1" name="Tests" source="D:\Git\robot-gravidade-zero\getgeeks\project\backend\tests">
<suite id="s1-s1" name="Geeks" source="D:\Git\robot-gravidade-zero\getgeeks\project\backend\tests\Geeks.robot">
<test id="s1-s1-t1" name="Be a geek">
<kw name="Factory Be Geek" library="Users">
<var>${user}</var>
<msg timestamp="20220615 09:28:48.683" level="INFO">${user} = {'name': 'João Lucas', 'email': 'joao@test.com', 'password': 'pwd123', 'geek_profile': {'whatsapp': '44999999999', 'desc': 'Teste bla bla bla bla bla bla bla bla bla bla bla bla bla bla', 'printer_rep...</msg>
<status status="PASS" starttime="20220615 09:28:48.683" endtime="20220615 09:28:48.683"/>
</kw>
<kw name="Remove User" library="Helpers">
<arg>${user}</arg>
<kw name="Get Token" library="Helpers">
<var>${token}</var>
<arg>${user}</arg>
<kw name="Create Dictionary" library="BuiltIn">
<var>${payload}</var>
<arg>email=${user}[email]</arg>
<arg>password=${user}[password]</arg>
<doc>Creates and returns a dictionary based on the given ``items``.</doc>
<msg timestamp="20220615 09:28:48.684" level="INFO">${payload} = {'email': 'joao@test.com', 'password': 'pwd123'}</msg>
<status status="PASS" starttime="20220615 09:28:48.684" endtime="20220615 09:28:48.684"/>
</kw>
<kw name="POST Session" library="SessionsRoute">
<var>${response}</var>
<arg>${payload}</arg>
<kw name="POST" library="RequestsLibrary">
<var>${response}</var>
<arg>${API_USERS}/sessions</arg>
<arg>json=${payload}</arg>
<arg>expected_status=any</arg>
<doc>Sends a POST request.</doc>
<msg timestamp="20220615 09:28:49.483" level="INFO">POST Request : url=https://getgeeks-users-elidio.herokuapp.com/sessions 
 path_url=/sessions 
 headers={'User-Agent': 'python-requests/2.25.1', 'Accept-Encoding': 'gzip, deflate', 'Accept': '*/*', 'Connection': 'keep-alive', 'Content-Length': '48', 'Content-Type': 'application/json'} 
 body=b'{"email": "joao@test.com", "password": "pwd123"}' 
 </msg>
<msg timestamp="20220615 09:28:49.484" level="INFO">POST Response : url=https://getgeeks-users-elidio.herokuapp.com/sessions 
 status=200, reason=OK 
 headers={'Server': 'Cowboy', 'Connection': 'keep-alive', 'X-Powered-By': 'Express', 'Access-Control-Allow-Origin': '*', 'Content-Type': 'application/json; charset=utf-8', 'Content-Length': '367', 'Etag': 'W/"16f-2j30hylynN92fucZ3zn/orBk7Zg"', 'Date': 'Wed, 15 Jun 2022 12:28:49 GMT', 'Via': '1.1 vegur'} 
 body={"user":{"id":186,"email":"joao@test.com","password_hash":"$2b$08$0dC.nO95KRKJ4H5uKNs5PePsCe.yy4wu26iEqs.y0jMVMjRWFIzU2","name":"João Lucas","avatar":null,"whatsapp":"44999999999","is_geek":true},"token":"eyJhbGciOiJIUzI1NiIsInR5cCI6IkpXVCJ9.eyJpZCI6MTg2LCJpYXQiOjE2NTUyOTYxMjksImV4cCI6MTY1NjE2MDEyOX0.ipI9JlhCQ9IM6Fxc31RqqerqW8yZ8C-OlOABx_jPRXk","expires_in":"10d"} 
 </msg>
<msg timestamp="20220615 09:28:49.484" level="INFO">${response} = &lt;Response [200]&gt;</msg>
<status status="PASS" starttime="20220615 09:28:48.685" endtime="20220615 09:28:49.484"/>
</kw>
<msg timestamp="20220615 09:28:49.484" level="INFO">${response} = &lt;Response [200]&gt;</msg>
<status status="PASS" starttime="20220615 09:28:48.685" endtime="20220615 09:28:49.484"/>
</kw>
<kw name="Set Variable" library="BuiltIn">
<var>${result}</var>
<arg>${EMPTY}</arg>
<doc>Returns the given values which can then be assigned to a variables.</doc>
<msg timestamp="20220615 09:28:49.485" level="INFO">${result} = </msg>
<status status="PASS" starttime="20220615 09:28:49.484" endtime="20220615 09:28:49.485"/>
</kw>
<if>
<branch type="IF" condition="&quot;200&quot; in &quot;${response}&quot;">
<kw name="Set Variable" library="BuiltIn">
<var>${result}</var>
<arg>Bearer ${response.json()}[token]</arg>
<doc>Returns the given values which can then be assigned to a variables.</doc>
<msg timestamp="20220615 09:28:49.486" level="INFO">${result} = Bearer eyJhbGciOiJIUzI1NiIsInR5cCI6IkpXVCJ9.eyJpZCI6MTg2LCJpYXQiOjE2NTUyOTYxMjksImV4cCI6MTY1NjE2MDEyOX0.ipI9JlhCQ9IM6Fxc31RqqerqW8yZ8C-OlOABx_jPRXk</msg>
<status status="PASS" starttime="20220615 09:28:49.485" endtime="20220615 09:28:49.486"/>
</kw>
<status status="PASS" starttime="20220615 09:28:49.485" endtime="20220615 09:28:49.486"/>
</branch>
<status status="PASS" starttime="20220615 09:28:49.485" endtime="20220615 09:28:49.486"/>
</if>
<msg timestamp="20220615 09:28:49.486" level="INFO">${token} = Bearer eyJhbGciOiJIUzI1NiIsInR5cCI6IkpXVCJ9.eyJpZCI6MTg2LCJpYXQiOjE2NTUyOTYxMjksImV4cCI6MTY1NjE2MDEyOX0.ipI9JlhCQ9IM6Fxc31RqqerqW8yZ8C-OlOABx_jPRXk</msg>
<status status="PASS" starttime="20220615 09:28:48.683" endtime="20220615 09:28:49.486"/>
</kw>
<if>
<branch type="IF" condition="&quot;${token}&quot;">
<kw name="DELETE User" library="UsersRoute">
<arg>${token}</arg>
<kw name="Create Dictionary" library="BuiltIn">
<var>${headers}</var>
<arg>Authorization=${token}</arg>
<doc>Creates and returns a dictionary based on the given ``items``.</doc>
<msg timestamp="20220615 09:28:49.487" level="INFO">${headers} = {'Authorization': 'Bearer eyJhbGciOiJIUzI1NiIsInR5cCI6IkpXVCJ9.eyJpZCI6MTg2LCJpYXQiOjE2NTUyOTYxMjksImV4cCI6MTY1NjE2MDEyOX0.ipI9JlhCQ9IM6Fxc31RqqerqW8yZ8C-OlOABx_jPRXk'}</msg>
<status status="PASS" starttime="20220615 09:28:49.487" endtime="20220615 09:28:49.487"/>
</kw>
<kw name="DELETE" library="RequestsLibrary">
<var>${response}</var>
<arg>${API_USERS}/users</arg>
<arg>headers=${headers}</arg>
<arg>expected_status=any</arg>
<doc>Sends a DELETE request.</doc>
<msg timestamp="20220615 09:28:50.125" level="INFO">DELETE Request : url=https://getgeeks-users-elidio.herokuapp.com/users 
 path_url=/users 
 headers={'User-Agent': 'python-requests/2.25.1', 'Accept-Encoding': 'gzip, deflate', 'Accept': '*/*', 'Connection': 'keep-alive', 'Authorization': 'Bearer eyJhbGciOiJIUzI1NiIsInR5cCI6IkpXVCJ9.eyJpZCI6MTg2LCJpYXQiOjE2NTUyOTYxMjksImV4cCI6MTY1NjE2MDEyOX0.ipI9JlhCQ9IM6Fxc31RqqerqW8yZ8C-OlOABx_jPRXk', 'Content-Length': '0'} 
 body=None 
 </msg>
<msg timestamp="20220615 09:28:50.125" level="INFO">DELETE Response : url=https://getgeeks-users-elidio.herokuapp.com/users 
 status=204, reason=No Content 
 headers={'Server': 'Cowboy', 'Content-Length': '0', 'Connection': 'keep-alive', 'X-Powered-By': 'Express', 'Access-Control-Allow-Origin': '*', 'Date': 'Wed, 15 Jun 2022 12:28:50 GMT', 'Via': '1.1 vegur'} 
 body=None 
 </msg>
<msg timestamp="20220615 09:28:50.126" level="INFO">${response} = &lt;Response [204]&gt;</msg>
<status status="PASS" starttime="20220615 09:28:49.487" endtime="20220615 09:28:50.126"/>
</kw>
<status status="PASS" starttime="20220615 09:28:49.487" endtime="20220615 09:28:50.127"/>
</kw>
<status status="PASS" starttime="20220615 09:28:49.487" endtime="20220615 09:28:50.127"/>
</branch>
<status status="PASS" starttime="20220615 09:28:49.486" endtime="20220615 09:28:50.127"/>
</if>
<status status="PASS" starttime="20220615 09:28:48.683" endtime="20220615 09:28:50.127"/>
</kw>
<kw name="POST User" library="UsersRoute">
<arg>${user}</arg>
<kw name="POST" library="RequestsLibrary">
<var>${response}</var>
<arg>${API_USERS}/users</arg>
<arg>json=${payload}</arg>
<arg>expected_status=any</arg>
<doc>Sends a POST request.</doc>
<msg timestamp="20220615 09:28:50.797" level="INFO">POST Request : url=https://getgeeks-users-elidio.herokuapp.com/users 
 path_url=/users 
 headers={'User-Agent': 'python-requests/2.25.1', 'Accept-Encoding': 'gzip, deflate', 'Accept': '*/*', 'Connection': 'keep-alive', 'Content-Length': '255', 'Content-Type': 'application/json'} 
 body=b'{"name": "Jo\\u00e3o Lucas", "email": "joao@test.com", "password": "pwd123", "geek_profile": {"whatsapp": "44999999999", "desc": "Teste bla bla bla bla bla bla bla bla bla bla bla bla bla bla", "printer_repair": "Sim", "work": "Presencial", "cost": "100"}}' 
 </msg>
<msg timestamp="20220615 09:28:50.797" level="INFO">POST Response : url=https://getgeeks-users-elidio.herokuapp.com/users 
 status=201, reason=Created 
 headers={'Server': 'Cowboy', 'Connection': 'keep-alive', 'X-Powered-By': 'Express', 'Access-Control-Allow-Origin': '*', 'Content-Type': 'application/json; charset=utf-8', 'Content-Length': '10', 'Etag': 'W/"a-4VBN09x1YzbmL+mmTJ5WxZvFDA0"', 'Date': 'Wed, 15 Jun 2022 12:28:50 GMT', 'Via': '1.1 vegur'} 
 body={"id":189} 
 </msg>
<msg timestamp="20220615 09:28:50.798" level="INFO">${response} = &lt;Response [201]&gt;</msg>
<status status="PASS" starttime="20220615 09:28:50.129" endtime="20220615 09:28:50.798"/>
</kw>
<status status="PASS" starttime="20220615 09:28:50.128" endtime="20220615 09:28:50.798"/>
</kw>
<kw name="Get Token" library="Helpers">
<var>${token}</var>
<arg>${user}</arg>
<kw name="Create Dictionary" library="BuiltIn">
<var>${payload}</var>
<arg>email=${user}[email]</arg>
<arg>password=${user}[password]</arg>
<doc>Creates and returns a dictionary based on the given ``items``.</doc>
<msg timestamp="20220615 09:28:50.801" level="INFO">${payload} = {'email': 'joao@test.com', 'password': 'pwd123'}</msg>
<status status="PASS" starttime="20220615 09:28:50.800" endtime="20220615 09:28:50.801"/>
</kw>
<kw name="POST Session" library="SessionsRoute">
<var>${response}</var>
<arg>${payload}</arg>
<kw name="POST" library="RequestsLibrary">
<var>${response}</var>
<arg>${API_USERS}/sessions</arg>
<arg>json=${payload}</arg>
<arg>expected_status=any</arg>
<doc>Sends a POST request.</doc>
<msg timestamp="20220615 09:28:51.521" level="INFO">POST Request : url=https://getgeeks-users-elidio.herokuapp.com/sessions 
 path_url=/sessions 
 headers={'User-Agent': 'python-requests/2.25.1', 'Accept-Encoding': 'gzip, deflate', 'Accept': '*/*', 'Connection': 'keep-alive', 'Content-Length': '48', 'Content-Type': 'application/json'} 
 body=b'{"email": "joao@test.com", "password": "pwd123"}' 
 </msg>
<msg timestamp="20220615 09:28:51.522" level="INFO">POST Response : url=https://getgeeks-users-elidio.herokuapp.com/sessions 
 status=200, reason=OK 
 headers={'Server': 'Cowboy', 'Connection': 'keep-alive', 'X-Powered-By': 'Express', 'Access-Control-Allow-Origin': '*', 'Content-Type': 'application/json; charset=utf-8', 'Content-Length': '359', 'Etag': 'W/"167-smrWC2rTpd+ETxQ2RsmEcVWNkUg"', 'Date': 'Wed, 15 Jun 2022 12:28:51 GMT', 'Via': '1.1 vegur'} 
 body={"user":{"id":189,"email":"joao@test.com","password_hash":"$2b$08$eab3O9kZEfMAuKsp/Hkq.OFOqogNstbBlzU32R5wAjAKxJaCsRddu","name":"João Lucas","avatar":null,"whatsapp":null,"is_geek":false},"token":"eyJhbGciOiJIUzI1NiIsInR5cCI6IkpXVCJ9.eyJpZCI6MTg5LCJpYXQiOjE2NTUyOTYxMzEsImV4cCI6MTY1NjE2MDEzMX0.yqt5z6s-Q0gZ-RY1gZNKjfRRlDrWxxunnWLbpZKLuYk","expires_in":"10d"} 
 </msg>
<msg timestamp="20220615 09:28:51.522" level="INFO">${response} = &lt;Response [200]&gt;</msg>
<status status="PASS" starttime="20220615 09:28:50.802" endtime="20220615 09:28:51.522"/>
</kw>
<msg timestamp="20220615 09:28:51.522" level="INFO">${response} = &lt;Response [200]&gt;</msg>
<status status="PASS" starttime="20220615 09:28:50.801" endtime="20220615 09:28:51.522"/>
</kw>
<kw name="Set Variable" library="BuiltIn">
<var>${result}</var>
<arg>${EMPTY}</arg>
<doc>Returns the given values which can then be assigned to a variables.</doc>
<msg timestamp="20220615 09:28:51.523" level="INFO">${result} = </msg>
<status status="PASS" starttime="20220615 09:28:51.522" endtime="20220615 09:28:51.523"/>
</kw>
<if>
<branch type="IF" condition="&quot;200&quot; in &quot;${response}&quot;">
<kw name="Set Variable" library="BuiltIn">
<var>${result}</var>
<arg>Bearer ${response.json()}[token]</arg>
<doc>Returns the given values which can then be assigned to a variables.</doc>
<msg timestamp="20220615 09:28:51.524" level="INFO">${result} = Bearer eyJhbGciOiJIUzI1NiIsInR5cCI6IkpXVCJ9.eyJpZCI6MTg5LCJpYXQiOjE2NTUyOTYxMzEsImV4cCI6MTY1NjE2MDEzMX0.yqt5z6s-Q0gZ-RY1gZNKjfRRlDrWxxunnWLbpZKLuYk</msg>
<status status="PASS" starttime="20220615 09:28:51.523" endtime="20220615 09:28:51.524"/>
</kw>
<status status="PASS" starttime="20220615 09:28:51.523" endtime="20220615 09:28:51.524"/>
</branch>
<status status="PASS" starttime="20220615 09:28:51.523" endtime="20220615 09:28:51.524"/>
</if>
<msg timestamp="20220615 09:28:51.525" level="INFO">${token} = Bearer eyJhbGciOiJIUzI1NiIsInR5cCI6IkpXVCJ9.eyJpZCI6MTg5LCJpYXQiOjE2NTUyOTYxMzEsImV4cCI6MTY1NjE2MDEzMX0.yqt5z6s-Q0gZ-RY1gZNKjfRRlDrWxxunnWLbpZKLuYk</msg>
<status status="PASS" starttime="20220615 09:28:50.799" endtime="20220615 09:28:51.525"/>
</kw>
<kw name="POST Geek" library="GeeksRoute">
<var>${response}</var>
<arg>${token}</arg>
<arg>${user}[geek_profile]</arg>
<kw name="Create Dictionary" library="BuiltIn">
<var>${headers}</var>
<arg>Authorization=${token}</arg>
<doc>Creates and returns a dictionary based on the given ``items``.</doc>
<msg timestamp="20220615 09:28:51.526" level="INFO">${headers} = {'Authorization': 'Bearer eyJhbGciOiJIUzI1NiIsInR5cCI6IkpXVCJ9.eyJpZCI6MTg5LCJpYXQiOjE2NTUyOTYxMzEsImV4cCI6MTY1NjE2MDEzMX0.yqt5z6s-Q0gZ-RY1gZNKjfRRlDrWxxunnWLbpZKLuYk'}</msg>
<status status="PASS" starttime="20220615 09:28:51.525" endtime="20220615 09:28:51.526"/>
</kw>
<kw name="POST" library="RequestsLibrary">
<var>${response}</var>
<arg>${API_GEEKS}/geeks</arg>
<arg>json=${payload}</arg>
<arg>headers=${headers}</arg>
<arg>expected_status=any</arg>
<doc>Sends a POST request.</doc>
<msg timestamp="20220615 09:28:52.226" level="INFO">POST Request : url=https://getgeeks-geeks-elidio.herokuapp.com/geeks 
 path_url=/geeks 
 headers={'User-Agent': 'python-requests/2.25.1', 'Accept-Encoding': 'gzip, deflate', 'Accept': '*/*', 'Connection': 'keep-alive', 'Authorization': 'Bearer eyJhbGciOiJIUzI1NiIsInR5cCI6IkpXVCJ9.eyJpZCI6MTg5LCJpYXQiOjE2NTUyOTYxMzEsImV4cCI6MTY1NjE2MDEzMX0.yqt5z6s-Q0gZ-RY1gZNKjfRRlDrWxxunnWLbpZKLuYk', 'Content-Length': '162', 'Content-Type': 'application/json'} 
 body=b'{"whatsapp": "44999999999", "desc": "Teste bla bla bla bla bla bla bla bla bla bla bla bla bla bla", "printer_repair": "Sim", "work": "Presencial", "cost": "100"}' 
 </msg>
<msg timestamp="20220615 09:28:52.227" level="INFO">POST Response : url=https://getgeeks-geeks-elidio.herokuapp.com/geeks 
 status=201, reason=Created 
 headers={'Server': 'Cowboy', 'Connection': 'keep-alive', 'X-Powered-By': 'Express', 'Access-Control-Allow-Origin': '*', 'Date': 'Wed, 15 Jun 2022 12:28:52 GMT', 'Content-Length': '0', 'Via': '1.1 vegur'} 
 body=None 
 </msg>
<msg timestamp="20220615 09:28:52.227" level="INFO">${response} = &lt;Response [201]&gt;</msg>
<status status="PASS" starttime="20220615 09:28:51.526" endtime="20220615 09:28:52.227"/>
</kw>
<msg timestamp="20220615 09:28:52.227" level="INFO">${response} = &lt;Response [201]&gt;</msg>
<status status="PASS" starttime="20220615 09:28:51.525" endtime="20220615 09:28:52.227"/>
</kw>
<kw name="Status Should Be" library="RequestsLibrary">
<arg>201</arg>
<arg>${response}</arg>
<doc>Fails if response status code is different than the expected.</doc>
<status status="PASS" starttime="20220615 09:28:52.227" endtime="20220615 09:28:52.228"/>
</kw>
<kw name="GET User" library="UsersRoute">
<var>${response}</var>
<arg>${token}</arg>
<kw name="Create Dictionary" library="BuiltIn">
<var>${headers}</var>
<arg>Authorization=${token}</arg>
<doc>Creates and returns a dictionary based on the given ``items``.</doc>
<msg timestamp="20220615 09:28:52.229" level="INFO">${headers} = {'Authorization': 'Bearer eyJhbGciOiJIUzI1NiIsInR5cCI6IkpXVCJ9.eyJpZCI6MTg5LCJpYXQiOjE2NTUyOTYxMzEsImV4cCI6MTY1NjE2MDEzMX0.yqt5z6s-Q0gZ-RY1gZNKjfRRlDrWxxunnWLbpZKLuYk'}</msg>
<status status="PASS" starttime="20220615 09:28:52.229" endtime="20220615 09:28:52.229"/>
</kw>
<kw name="GET" library="RequestsLibrary">
<var>${response}</var>
<arg>${API_USERS}/users</arg>
<arg>headers=${headers}</arg>
<arg>expected_status=any</arg>
<doc>Sends a GET request.</doc>
<msg timestamp="20220615 09:28:52.881" level="INFO">GET Request : url=https://getgeeks-users-elidio.herokuapp.com/users 
 path_url=/users 
 headers={'User-Agent': 'python-requests/2.25.1', 'Accept-Encoding': 'gzip, deflate', 'Accept': '*/*', 'Connection': 'keep-alive', 'Authorization': 'Bearer eyJhbGciOiJIUzI1NiIsInR5cCI6IkpXVCJ9.eyJpZCI6MTg5LCJpYXQiOjE2NTUyOTYxMzEsImV4cCI6MTY1NjE2MDEzMX0.yqt5z6s-Q0gZ-RY1gZNKjfRRlDrWxxunnWLbpZKLuYk'} 
 body=None 
 </msg>
<msg timestamp="20220615 09:28:52.882" level="INFO">GET Response : url=https://getgeeks-users-elidio.herokuapp.com/users 
 status=200, reason=OK 
 headers={'Server': 'Cowboy', 'Connection': 'keep-alive', 'X-Powered-By': 'Express', 'Access-Control-Allow-Origin': '*', 'Content-Type': 'application/json; charset=utf-8', 'Content-Length': '331', 'Etag': 'W/"14b-v77XArenLNnp1KvnQdXJah6qc8U"', 'Date': 'Wed, 15 Jun 2022 12:28:52 GMT', 'Via': '1.1 vegur'} 
 body={"id":49,"email":"joao@test.com","password_hash":"$2b$08$eab3O9kZEfMAuKsp/Hkq.OFOqogNstbBlzU32R5wAjAKxJaCsRddu","name":"João Lucas","avatar":null,"whatsapp":"44999999999","is_geek":true,"desc":"Teste bla bla bla bla bla bla bla bla bla bla bla bla bla bla","printer_repair":"Sim","work":"Presencial","cost":"100.00","user_id":189} 
 </msg>
<msg timestamp="20220615 09:28:52.882" level="INFO">${response} = &lt;Response [200]&gt;</msg>
<status status="PASS" starttime="20220615 09:28:52.230" endtime="20220615 09:28:52.882"/>
</kw>
<msg timestamp="20220615 09:28:52.882" level="INFO">${response} = &lt;Response [200]&gt;</msg>
<status status="PASS" starttime="20220615 09:28:52.228" endtime="20220615 09:28:52.882"/>
</kw>
<kw name="Should Be Equal As Strings" library="BuiltIn">
<arg>${user}[name]</arg>
<arg>${response.json()}[name]</arg>
<doc>Fails if objects are unequal after converting them to strings.</doc>
<status status="PASS" starttime="20220615 09:28:52.883" endtime="20220615 09:28:52.884"/>
</kw>
<kw name="Should Be Equal As Strings" library="BuiltIn">
<arg>${user}[email]</arg>
<arg>${response.json()}[email]</arg>
<doc>Fails if objects are unequal after converting them to strings.</doc>
<status status="PASS" starttime="20220615 09:28:52.884" endtime="20220615 09:28:52.885"/>
</kw>
<kw name="Should Be Equal As Strings" library="BuiltIn">
<arg>${user}[geek_profile][whatsapp]</arg>
<arg>${response.json()}[whatsapp]</arg>
<doc>Fails if objects are unequal after converting them to strings.</doc>
<status status="PASS" starttime="20220615 09:28:52.885" endtime="20220615 09:28:52.886"/>
</kw>
<kw name="Should Be Equal As Strings" library="BuiltIn">
<arg>${user}[geek_profile][desc]</arg>
<arg>${response.json()}[desc]</arg>
<doc>Fails if objects are unequal after converting them to strings.</doc>
<status status="PASS" starttime="20220615 09:28:52.886" endtime="20220615 09:28:52.887"/>
</kw>
<kw name="Convert To Number" library="BuiltIn">
<var>${expected_float}</var>
<arg>${user}[geek_profile][cost]</arg>
<doc>Converts the given item to a floating point number.</doc>
<msg timestamp="20220615 09:28:52.887" level="INFO">${expected_float} = 100.0</msg>
<status status="PASS" starttime="20220615 09:28:52.887" endtime="20220615 09:28:52.887"/>
</kw>
<kw name="Convert To Number" library="BuiltIn">
<var>${got_float}</var>
<arg>${response.json()}[cost]</arg>
<doc>Converts the given item to a floating point number.</doc>
<msg timestamp="20220615 09:28:52.889" level="INFO">${got_float} = 100.0</msg>
<status status="PASS" starttime="20220615 09:28:52.888" endtime="20220615 09:28:52.889"/>
</kw>
<kw name="Should Be Equal As Strings" library="BuiltIn">
<arg>${expected_float}</arg>
<arg>${got_float}</arg>
<doc>Fails if objects are unequal after converting them to strings.</doc>
<status status="PASS" starttime="20220615 09:28:52.889" endtime="20220615 09:28:52.889"/>
</kw>
<kw name="Should Be Equal As Strings" library="BuiltIn">
<arg>${user}[geek_profile][printer_repair]</arg>
<arg>${response.json()}[printer_repair]</arg>
<doc>Fails if objects are unequal after converting them to strings.</doc>
<status status="PASS" starttime="20220615 09:28:52.889" endtime="20220615 09:28:52.890"/>
</kw>
<kw name="Should Be Equal As Strings" library="BuiltIn">
<arg>${user}[geek_profile][work]</arg>
<arg>${response.json()}[work]</arg>
<doc>Fails if objects are unequal after converting them to strings.</doc>
<status status="PASS" starttime="20220615 09:28:52.890" endtime="20220615 09:28:52.892"/>
</kw>
<kw name="Should Be Equal As Strings" library="BuiltIn">
<arg>None</arg>
<arg>${response.json()}[avatar]</arg>
<doc>Fails if objects are unequal after converting them to strings.</doc>
<msg timestamp="20220615 09:28:52.893" level="INFO">Argument types are:
&lt;type 'unicode'&gt;
&lt;class 'NoneType'&gt;</msg>
<status status="PASS" starttime="20220615 09:28:52.892" endtime="20220615 09:28:52.893"/>
</kw>
<kw name="Should Be Equal As Strings" library="BuiltIn">
<arg>True</arg>
<arg>${response.json()}[is_geek]</arg>
<doc>Fails if objects are unequal after converting them to strings.</doc>
<msg timestamp="20220615 09:28:52.894" level="INFO">Argument types are:
&lt;type 'unicode'&gt;
&lt;class 'bool'&gt;</msg>
<status status="PASS" starttime="20220615 09:28:52.893" endtime="20220615 09:28:52.894"/>
</kw>
<status status="PASS" starttime="20220615 09:28:48.682" endtime="20220615 09:28:52.894"/>
</test>
<test id="s1-s1-t2" name="Get Geek List">
<kw name="Factory Search Geeks" library="Users">
<var>${data}</var>
<msg timestamp="20220615 09:28:52.895" level="INFO">${data} = {'user': {'name': 'Peter Quill', 'email': 'peter@marvel.com', 'password': 'pwd123'}, 'geeks': [{'name': 'Riri Willians', 'email': 'riri@marvel.com', 'password': 'pwd123', 'geek_profile': {'whatsapp': ...</msg>
<status status="PASS" starttime="20220615 09:28:52.895" endtime="20220615 09:28:52.895"/>
</kw>
<for flavor="IN">
<var>${geek}</var>
<value>@{data}[geeks]</value>
<iter>
<var name="${geek}">{'name': 'Riri Willians', 'email': 'riri@marvel.com', 'password': 'pwd123', 'geek_profile': {'whatsapp': '11999999999', 'desc': 'Seu computador está lento? Reiniciando do nada? Talvez seja um vírus, o...</var>
<kw name="POST User" library="UsersRoute">
<arg>${geek}</arg>
<kw name="POST" library="RequestsLibrary">
<var>${response}</var>
<arg>${API_USERS}/users</arg>
<arg>json=${payload}</arg>
<arg>expected_status=any</arg>
<doc>Sends a POST request.</doc>
<msg timestamp="20220615 09:28:53.543" level="INFO">POST Request : url=https://getgeeks-users-elidio.herokuapp.com/users 
 path_url=/users 
 headers={'User-Agent': 'python-requests/2.25.1', 'Accept-Encoding': 'gzip, deflate', 'Accept': '*/*', 'Connection': 'keep-alive', 'Content-Length': '483', 'Content-Type': 'application/json'} 
 body=b'{"name": "Riri Willians", "email": "riri@marvel.com", "password": "pwd123", "geek_profile": {"whatsapp": "11999999999", "desc": "Seu computador est\\u00e1 lento? Reiniciando do nada? Talvez seja um v\\u00edrus, ou algum hardware com defeito. Posso fazer a manuten\\u00e7\\u00e3o no seu PC, formando, reinstalando o SO, trocando algum componente f\\u00edsico e porque n\\u00e3o remover o baidu ou qualquer outro malware.", "printer_repair": "N\\u00e3o", "work": "Presencial", "cost": "100"}}' 
 </msg>
<msg timestamp="20220615 09:28:53.543" level="INFO">POST Response : url=https://getgeeks-users-elidio.herokuapp.com/users 
 status=400, reason=Bad Request 
 headers={'Server': 'Cowboy', 'Connection': 'keep-alive', 'X-Powered-By': 'Express', 'Access-Control-Allow-Origin': '*', 'Content-Type': 'application/json; charset=utf-8', 'Content-Length': '31', 'Etag': 'W/"1f-lFUySNKwX3L5eGEwGcNcUoVKWhE"', 'Date': 'Wed, 15 Jun 2022 12:28:53 GMT', 'Via': '1.1 vegur'} 
 body={"error":"User already exists"} 
 </msg>
<msg timestamp="20220615 09:28:53.543" level="INFO">${response} = &lt;Response [400]&gt;</msg>
<status status="PASS" starttime="20220615 09:28:52.896" endtime="20220615 09:28:53.543"/>
</kw>
<status status="PASS" starttime="20220615 09:28:52.895" endtime="20220615 09:28:53.544"/>
</kw>
<kw name="Get Token" library="Helpers">
<var>${token}</var>
<arg>${geek}</arg>
<kw name="Create Dictionary" library="BuiltIn">
<var>${payload}</var>
<arg>email=${user}[email]</arg>
<arg>password=${user}[password]</arg>
<doc>Creates and returns a dictionary based on the given ``items``.</doc>
<msg timestamp="20220615 09:28:53.547" level="INFO">${payload} = {'email': 'riri@marvel.com', 'password': 'pwd123'}</msg>
<status status="PASS" starttime="20220615 09:28:53.545" endtime="20220615 09:28:53.547"/>
</kw>
<kw name="POST Session" library="SessionsRoute">
<var>${response}</var>
<arg>${payload}</arg>
<kw name="POST" library="RequestsLibrary">
<var>${response}</var>
<arg>${API_USERS}/sessions</arg>
<arg>json=${payload}</arg>
<arg>expected_status=any</arg>
<doc>Sends a POST request.</doc>
<msg timestamp="20220615 09:28:54.205" level="INFO">POST Request : url=https://getgeeks-users-elidio.herokuapp.com/sessions 
 path_url=/sessions 
 headers={'User-Agent': 'python-requests/2.25.1', 'Accept-Encoding': 'gzip, deflate', 'Accept': '*/*', 'Connection': 'keep-alive', 'Content-Length': '50', 'Content-Type': 'application/json'} 
 body=b'{"email": "riri@marvel.com", "password": "pwd123"}' 
 </msg>
<msg timestamp="20220615 09:28:54.206" level="INFO">POST Response : url=https://getgeeks-users-elidio.herokuapp.com/sessions 
 status=200, reason=OK 
 headers={'Server': 'Cowboy', 'Connection': 'keep-alive', 'X-Powered-By': 'Express', 'Access-Control-Allow-Origin': '*', 'Content-Type': 'application/json; charset=utf-8', 'Content-Length': '371', 'Etag': 'W/"173-a0lJzQmx0yicANLnboGSEU1Ang4"', 'Date': 'Wed, 15 Jun 2022 12:28:54 GMT', 'Via': '1.1 vegur'} 
 body={"user":{"id":168,"email":"riri@marvel.com","password_hash":"$2b$08$pKFIAX4iTB1qpxWK.zONZewcnystlgKhoYTJvQqIv4QfbR6/Lc9Sa","name":"Riri Willians","avatar":null,"whatsapp":"11999999999","is_geek":true},"token":"eyJhbGciOiJIUzI1NiIsInR5cCI6IkpXVCJ9.eyJpZCI6MTY4LCJpYXQiOjE2NTUyOTYxMzQsImV4cCI6MTY1NjE2MDEzNH0.tHxhrMTzS2L8Jmci74bFHMPr4zY4V5ucBxQ6Zaqifhk","expires_in":"10d"} 
 </msg>
<msg timestamp="20220615 09:28:54.206" level="INFO">${response} = &lt;Response [200]&gt;</msg>
<status status="PASS" starttime="20220615 09:28:53.549" endtime="20220615 09:28:54.206"/>
</kw>
<msg timestamp="20220615 09:28:54.206" level="INFO">${response} = &lt;Response [200]&gt;</msg>
<status status="PASS" starttime="20220615 09:28:53.548" endtime="20220615 09:28:54.207"/>
</kw>
<kw name="Set Variable" library="BuiltIn">
<var>${result}</var>
<arg>${EMPTY}</arg>
<doc>Returns the given values which can then be assigned to a variables.</doc>
<msg timestamp="20220615 09:28:54.208" level="INFO">${result} = </msg>
<status status="PASS" starttime="20220615 09:28:54.207" endtime="20220615 09:28:54.208"/>
</kw>
<if>
<branch type="IF" condition="&quot;200&quot; in &quot;${response}&quot;">
<kw name="Set Variable" library="BuiltIn">
<var>${result}</var>
<arg>Bearer ${response.json()}[token]</arg>
<doc>Returns the given values which can then be assigned to a variables.</doc>
<msg timestamp="20220615 09:28:54.210" level="INFO">${result} = Bearer eyJhbGciOiJIUzI1NiIsInR5cCI6IkpXVCJ9.eyJpZCI6MTY4LCJpYXQiOjE2NTUyOTYxMzQsImV4cCI6MTY1NjE2MDEzNH0.tHxhrMTzS2L8Jmci74bFHMPr4zY4V5ucBxQ6Zaqifhk</msg>
<status status="PASS" starttime="20220615 09:28:54.209" endtime="20220615 09:28:54.210"/>
</kw>
<status status="PASS" starttime="20220615 09:28:54.208" endtime="20220615 09:28:54.210"/>
</branch>
<status status="PASS" starttime="20220615 09:28:54.208" endtime="20220615 09:28:54.210"/>
</if>
<msg timestamp="20220615 09:28:54.211" level="INFO">${token} = Bearer eyJhbGciOiJIUzI1NiIsInR5cCI6IkpXVCJ9.eyJpZCI6MTY4LCJpYXQiOjE2NTUyOTYxMzQsImV4cCI6MTY1NjE2MDEzNH0.tHxhrMTzS2L8Jmci74bFHMPr4zY4V5ucBxQ6Zaqifhk</msg>
<status status="PASS" starttime="20220615 09:28:53.544" endtime="20220615 09:28:54.211"/>
</kw>
<kw name="POST Geek" library="GeeksRoute">
<arg>${token}</arg>
<arg>${geek}[geek_profile]</arg>
<kw name="Create Dictionary" library="BuiltIn">
<var>${headers}</var>
<arg>Authorization=${token}</arg>
<doc>Creates and returns a dictionary based on the given ``items``.</doc>
<msg timestamp="20220615 09:28:54.212" level="INFO">${headers} = {'Authorization': 'Bearer eyJhbGciOiJIUzI1NiIsInR5cCI6IkpXVCJ9.eyJpZCI6MTY4LCJpYXQiOjE2NTUyOTYxMzQsImV4cCI6MTY1NjE2MDEzNH0.tHxhrMTzS2L8Jmci74bFHMPr4zY4V5ucBxQ6Zaqifhk'}</msg>
<status status="PASS" starttime="20220615 09:28:54.212" endtime="20220615 09:28:54.212"/>
</kw>
<kw name="POST" library="RequestsLibrary">
<var>${response}</var>
<arg>${API_GEEKS}/geeks</arg>
<arg>json=${payload}</arg>
<arg>headers=${headers}</arg>
<arg>expected_status=any</arg>
<doc>Sends a POST request.</doc>
<msg timestamp="20220615 09:28:54.849" level="INFO">POST Request : url=https://getgeeks-geeks-elidio.herokuapp.com/geeks 
 path_url=/geeks 
 headers={'User-Agent': 'python-requests/2.25.1', 'Accept-Encoding': 'gzip, deflate', 'Accept': '*/*', 'Connection': 'keep-alive', 'Authorization': 'Bearer eyJhbGciOiJIUzI1NiIsInR5cCI6IkpXVCJ9.eyJpZCI6MTY4LCJpYXQiOjE2NTUyOTYxMzQsImV4cCI6MTY1NjE2MDEzNH0.tHxhrMTzS2L8Jmci74bFHMPr4zY4V5ucBxQ6Zaqifhk', 'Content-Length': '390', 'Content-Type': 'application/json'} 
 body=b'{"whatsapp": "11999999999", "desc": "Seu computador est\\u00e1 lento? Reiniciando do nada? Talvez seja um v\\u00edrus, ou algum hardware com defeito. Posso fazer a manuten\\u00e7\\u00e3o no seu PC, formando, reinstalando o SO, trocando algum componente f\\u00edsico e porque n\\u00e3o remover o baidu ou qualquer outro malware.", "printer_repair": "N\\u00e3o", "work": "Presencial", "cost": "100"}' 
 </msg>
<msg timestamp="20220615 09:28:54.849" level="INFO">POST Response : url=https://getgeeks-geeks-elidio.herokuapp.com/geeks 
 status=201, reason=Created 
 headers={'Server': 'Cowboy', 'Connection': 'keep-alive', 'X-Powered-By': 'Express', 'Access-Control-Allow-Origin': '*', 'Date': 'Wed, 15 Jun 2022 12:28:54 GMT', 'Content-Length': '0', 'Via': '1.1 vegur'} 
 body=None 
 </msg>
<msg timestamp="20220615 09:28:54.849" level="INFO">${response} = &lt;Response [201]&gt;</msg>
<status status="PASS" starttime="20220615 09:28:54.213" endtime="20220615 09:28:54.849"/>
</kw>
<status status="PASS" starttime="20220615 09:28:54.211" endtime="20220615 09:28:54.850"/>
</kw>
<status status="PASS" starttime="20220615 09:28:52.895" endtime="20220615 09:28:54.850"/>
</iter>
<iter>
<var name="${geek}">{'name': 'Arnim Zola', 'email': 'zola@hidra.com', 'password': 'pwd123', 'geek_profile': {'whatsapp': '21999999999', 'desc': 'Instalo Distros Ubuntu, Debian, ElementaryOS, PopOS, Linux Mint, Kurumin, M...</var>
<kw name="POST User" library="UsersRoute">
<arg>${geek}</arg>
<kw name="POST" library="RequestsLibrary">
<var>${response}</var>
<arg>${API_USERS}/users</arg>
<arg>json=${payload}</arg>
<arg>expected_status=any</arg>
<doc>Sends a POST request.</doc>
<msg timestamp="20220615 09:28:55.610" level="INFO">POST Request : url=https://getgeeks-users-elidio.herokuapp.com/users 
 path_url=/users 
 headers={'User-Agent': 'python-requests/2.25.1', 'Accept-Encoding': 'gzip, deflate', 'Accept': '*/*', 'Connection': 'keep-alive', 'Content-Length': '445', 'Content-Type': 'application/json'} 
 body=b'{"name": "Arnim Zola", "email": "zola@hidra.com", "password": "pwd123", "geek_profile": {"whatsapp": "21999999999", "desc": "Instalo Distros Ubuntu, Debian, ElementaryOS, PopOS, Linux Mint, Kurumin, Mandrake, Connectiva, Fedora, RedHat, CentOS, Slackware, Gentoo, Archlinux, Kubuntu, Xubuntu, Suze, Mandriva, Edubuntu, KateOS, Sabayon Linux, Manjaro Linux, BigLinux, ZorinOS, Unit", "printer_repair": "N\\u00e3o", "work": "Ambos", "cost": "110"}}' 
 </msg>
<msg timestamp="20220615 09:28:55.611" level="INFO">POST Response : url=https://getgeeks-users-elidio.herokuapp.com/users 
 status=400, reason=Bad Request 
 headers={'Server': 'Cowboy', 'Connection': 'keep-alive', 'X-Powered-By': 'Express', 'Access-Control-Allow-Origin': '*', 'Content-Type': 'application/json; charset=utf-8', 'Content-Length': '31', 'Etag': 'W/"1f-lFUySNKwX3L5eGEwGcNcUoVKWhE"', 'Date': 'Wed, 15 Jun 2022 12:28:55 GMT', 'Via': '1.1 vegur'} 
 body={"error":"User already exists"} 
 </msg>
<msg timestamp="20220615 09:28:55.611" level="INFO">${response} = &lt;Response [400]&gt;</msg>
<status status="PASS" starttime="20220615 09:28:54.850" endtime="20220615 09:28:55.611"/>
</kw>
<status status="PASS" starttime="20220615 09:28:54.850" endtime="20220615 09:28:55.611"/>
</kw>
<kw name="Get Token" library="Helpers">
<var>${token}</var>
<arg>${geek}</arg>
<kw name="Create Dictionary" library="BuiltIn">
<var>${payload}</var>
<arg>email=${user}[email]</arg>
<arg>password=${user}[password]</arg>
<doc>Creates and returns a dictionary based on the given ``items``.</doc>
<msg timestamp="20220615 09:28:55.612" level="INFO">${payload} = {'email': 'zola@hidra.com', 'password': 'pwd123'}</msg>
<status status="PASS" starttime="20220615 09:28:55.612" endtime="20220615 09:28:55.612"/>
</kw>
<kw name="POST Session" library="SessionsRoute">
<var>${response}</var>
<arg>${payload}</arg>
<kw name="POST" library="RequestsLibrary">
<var>${response}</var>
<arg>${API_USERS}/sessions</arg>
<arg>json=${payload}</arg>
<arg>expected_status=any</arg>
<doc>Sends a POST request.</doc>
<msg timestamp="20220615 09:28:56.289" level="INFO">POST Request : url=https://getgeeks-users-elidio.herokuapp.com/sessions 
 path_url=/sessions 
 headers={'User-Agent': 'python-requests/2.25.1', 'Accept-Encoding': 'gzip, deflate', 'Accept': '*/*', 'Connection': 'keep-alive', 'Content-Length': '49', 'Content-Type': 'application/json'} 
 body=b'{"email": "zola@hidra.com", "password": "pwd123"}' 
 </msg>
<msg timestamp="20220615 09:28:56.289" level="INFO">POST Response : url=https://getgeeks-users-elidio.herokuapp.com/sessions 
 status=200, reason=OK 
 headers={'Server': 'Cowboy', 'Connection': 'keep-alive', 'X-Powered-By': 'Express', 'Access-Control-Allow-Origin': '*', 'Content-Type': 'application/json; charset=utf-8', 'Content-Length': '367', 'Etag': 'W/"16f-I2Gh2K2AjyYB/KN38H9SD1fDL98"', 'Date': 'Wed, 15 Jun 2022 12:28:56 GMT', 'Via': '1.1 vegur'} 
 body={"user":{"id":169,"email":"zola@hidra.com","password_hash":"$2b$08$0eMwrb0.wsj0PHC67h2XNO1VDGuKMmVc0gISO/ftwPVhJC52FColu","name":"Arnim Zola","avatar":null,"whatsapp":"21999999999","is_geek":true},"token":"eyJhbGciOiJIUzI1NiIsInR5cCI6IkpXVCJ9.eyJpZCI6MTY5LCJpYXQiOjE2NTUyOTYxMzYsImV4cCI6MTY1NjE2MDEzNn0.BupaeUS4vPjbWz9iWK8350eAPIFU5ReJWwxllH6Vznc","expires_in":"10d"} 
 </msg>
<msg timestamp="20220615 09:28:56.289" level="INFO">${response} = &lt;Response [200]&gt;</msg>
<status status="PASS" starttime="20220615 09:28:55.612" endtime="20220615 09:28:56.289"/>
</kw>
<msg timestamp="20220615 09:28:56.290" level="INFO">${response} = &lt;Response [200]&gt;</msg>
<status status="PASS" starttime="20220615 09:28:55.612" endtime="20220615 09:28:56.290"/>
</kw>
<kw name="Set Variable" library="BuiltIn">
<var>${result}</var>
<arg>${EMPTY}</arg>
<doc>Returns the given values which can then be assigned to a variables.</doc>
<msg timestamp="20220615 09:28:56.292" level="INFO">${result} = </msg>
<status status="PASS" starttime="20220615 09:28:56.290" endtime="20220615 09:28:56.292"/>
</kw>
<if>
<branch type="IF" condition="&quot;200&quot; in &quot;${response}&quot;">
<kw name="Set Variable" library="BuiltIn">
<var>${result}</var>
<arg>Bearer ${response.json()}[token]</arg>
<doc>Returns the given values which can then be assigned to a variables.</doc>
<msg timestamp="20220615 09:28:56.294" level="INFO">${result} = Bearer eyJhbGciOiJIUzI1NiIsInR5cCI6IkpXVCJ9.eyJpZCI6MTY5LCJpYXQiOjE2NTUyOTYxMzYsImV4cCI6MTY1NjE2MDEzNn0.BupaeUS4vPjbWz9iWK8350eAPIFU5ReJWwxllH6Vznc</msg>
<status status="PASS" starttime="20220615 09:28:56.293" endtime="20220615 09:28:56.294"/>
</kw>
<status status="PASS" starttime="20220615 09:28:56.292" endtime="20220615 09:28:56.294"/>
</branch>
<status status="PASS" starttime="20220615 09:28:56.292" endtime="20220615 09:28:56.294"/>
</if>
<msg timestamp="20220615 09:28:56.295" level="INFO">${token} = Bearer eyJhbGciOiJIUzI1NiIsInR5cCI6IkpXVCJ9.eyJpZCI6MTY5LCJpYXQiOjE2NTUyOTYxMzYsImV4cCI6MTY1NjE2MDEzNn0.BupaeUS4vPjbWz9iWK8350eAPIFU5ReJWwxllH6Vznc</msg>
<status status="PASS" starttime="20220615 09:28:55.611" endtime="20220615 09:28:56.295"/>
</kw>
<kw name="POST Geek" library="GeeksRoute">
<arg>${token}</arg>
<arg>${geek}[geek_profile]</arg>
<kw name="Create Dictionary" library="BuiltIn">
<var>${headers}</var>
<arg>Authorization=${token}</arg>
<doc>Creates and returns a dictionary based on the given ``items``.</doc>
<msg timestamp="20220615 09:28:56.297" level="INFO">${headers} = {'Authorization': 'Bearer eyJhbGciOiJIUzI1NiIsInR5cCI6IkpXVCJ9.eyJpZCI6MTY5LCJpYXQiOjE2NTUyOTYxMzYsImV4cCI6MTY1NjE2MDEzNn0.BupaeUS4vPjbWz9iWK8350eAPIFU5ReJWwxllH6Vznc'}</msg>
<status status="PASS" starttime="20220615 09:28:56.296" endtime="20220615 09:28:56.297"/>
</kw>
<kw name="POST" library="RequestsLibrary">
<var>${response}</var>
<arg>${API_GEEKS}/geeks</arg>
<arg>json=${payload}</arg>
<arg>headers=${headers}</arg>
<arg>expected_status=any</arg>
<doc>Sends a POST request.</doc>
<msg timestamp="20220615 09:28:57.006" level="INFO">POST Request : url=https://getgeeks-geeks-elidio.herokuapp.com/geeks 
 path_url=/geeks 
 headers={'User-Agent': 'python-requests/2.25.1', 'Accept-Encoding': 'gzip, deflate', 'Accept': '*/*', 'Connection': 'keep-alive', 'Authorization': 'Bearer eyJhbGciOiJIUzI1NiIsInR5cCI6IkpXVCJ9.eyJpZCI6MTY5LCJpYXQiOjE2NTUyOTYxMzYsImV4cCI6MTY1NjE2MDEzNn0.BupaeUS4vPjbWz9iWK8350eAPIFU5ReJWwxllH6Vznc', 'Content-Length': '356', 'Content-Type': 'application/json'} 
 body=b'{"whatsapp": "21999999999", "desc": "Instalo Distros Ubuntu, Debian, ElementaryOS, PopOS, Linux Mint, Kurumin, Mandrake, Connectiva, Fedora, RedHat, CentOS, Slackware, Gentoo, Archlinux, Kubuntu, Xubuntu, Suze, Mandriva, Edubuntu, KateOS, Sabayon Linux, Manjaro Linux, BigLinux, ZorinOS, Unit", "printer_repair": "N\\u00e3o", "work": "Ambos", "cost": "110"}' 
 </msg>
<msg timestamp="20220615 09:28:57.006" level="INFO">POST Response : url=https://getgeeks-geeks-elidio.herokuapp.com/geeks 
 status=201, reason=Created 
 headers={'Server': 'Cowboy', 'Connection': 'keep-alive', 'X-Powered-By': 'Express', 'Access-Control-Allow-Origin': '*', 'Date': 'Wed, 15 Jun 2022 12:28:56 GMT', 'Content-Length': '0', 'Via': '1.1 vegur'} 
 body=None 
 </msg>
<msg timestamp="20220615 09:28:57.006" level="INFO">${response} = &lt;Response [201]&gt;</msg>
<status status="PASS" starttime="20220615 09:28:56.298" endtime="20220615 09:28:57.006"/>
</kw>
<status status="PASS" starttime="20220615 09:28:56.295" endtime="20220615 09:28:57.007"/>
</kw>
<status status="PASS" starttime="20220615 09:28:54.850" endtime="20220615 09:28:57.007"/>
</iter>
<iter>
<var name="${geek}">{'name': 'Reed Richards', 'email': 'reed@fantastic4.com', 'password': 'pwd123', 'geek_profile': {'whatsapp': '31999999999', 'desc': 'Instalado e faço manutenção em qualquer tipo de impressora, matrici...</var>
<kw name="POST User" library="UsersRoute">
<arg>${geek}</arg>
<kw name="POST" library="RequestsLibrary">
<var>${response}</var>
<arg>${API_USERS}/users</arg>
<arg>json=${payload}</arg>
<arg>expected_status=any</arg>
<doc>Sends a POST request.</doc>
<msg timestamp="20220615 09:28:57.620" level="INFO">POST Request : url=https://getgeeks-users-elidio.herokuapp.com/users 
 path_url=/users 
 headers={'User-Agent': 'python-requests/2.25.1', 'Accept-Encoding': 'gzip, deflate', 'Accept': '*/*', 'Connection': 'keep-alive', 'Content-Length': '415', 'Content-Type': 'application/json'} 
 body=b'{"name": "Reed Richards", "email": "reed@fantastic4.com", "password": "pwd123", "geek_profile": {"whatsapp": "31999999999", "desc": "Instalado e fa\\u00e7o manuten\\u00e7\\u00e3o em qualquer tipo de impressora, matricial padr\\u00e3o, matricial fiscal, a jato, a cera, a laser e at\\u00e9 3D. Tamb\\u00e9m fa\\u00e7o remold de fitas coloridas para Epson LX300. ", "printer_repair": "Sim", "work": "Remoto", "cost": "120"}}' 
 </msg>
<msg timestamp="20220615 09:28:57.620" level="INFO">POST Response : url=https://getgeeks-users-elidio.herokuapp.com/users 
 status=400, reason=Bad Request 
 headers={'Server': 'Cowboy', 'Connection': 'keep-alive', 'X-Powered-By': 'Express', 'Access-Control-Allow-Origin': '*', 'Content-Type': 'application/json; charset=utf-8', 'Content-Length': '31', 'Etag': 'W/"1f-lFUySNKwX3L5eGEwGcNcUoVKWhE"', 'Date': 'Wed, 15 Jun 2022 12:28:57 GMT', 'Via': '1.1 vegur'} 
 body={"error":"User already exists"} 
 </msg>
<msg timestamp="20220615 09:28:57.621" level="INFO">${response} = &lt;Response [400]&gt;</msg>
<status status="PASS" starttime="20220615 09:28:57.007" endtime="20220615 09:28:57.621"/>
</kw>
<status status="PASS" starttime="20220615 09:28:57.007" endtime="20220615 09:28:57.621"/>
</kw>
<kw name="Get Token" library="Helpers">
<var>${token}</var>
<arg>${geek}</arg>
<kw name="Create Dictionary" library="BuiltIn">
<var>${payload}</var>
<arg>email=${user}[email]</arg>
<arg>password=${user}[password]</arg>
<doc>Creates and returns a dictionary based on the given ``items``.</doc>
<msg timestamp="20220615 09:28:57.623" level="INFO">${payload} = {'email': 'reed@fantastic4.com', 'password': 'pwd123'}</msg>
<status status="PASS" starttime="20220615 09:28:57.622" endtime="20220615 09:28:57.623"/>
</kw>
<kw name="POST Session" library="SessionsRoute">
<var>${response}</var>
<arg>${payload}</arg>
<kw name="POST" library="RequestsLibrary">
<var>${response}</var>
<arg>${API_USERS}/sessions</arg>
<arg>json=${payload}</arg>
<arg>expected_status=any</arg>
<doc>Sends a POST request.</doc>
<msg timestamp="20220615 09:28:58.269" level="INFO">POST Request : url=https://getgeeks-users-elidio.herokuapp.com/sessions 
 path_url=/sessions 
 headers={'User-Agent': 'python-requests/2.25.1', 'Accept-Encoding': 'gzip, deflate', 'Accept': '*/*', 'Connection': 'keep-alive', 'Content-Length': '54', 'Content-Type': 'application/json'} 
 body=b'{"email": "reed@fantastic4.com", "password": "pwd123"}' 
 </msg>
<msg timestamp="20220615 09:28:58.270" level="INFO">POST Response : url=https://getgeeks-users-elidio.herokuapp.com/sessions 
 status=200, reason=OK 
 headers={'Server': 'Cowboy', 'Connection': 'keep-alive', 'X-Powered-By': 'Express', 'Access-Control-Allow-Origin': '*', 'Content-Type': 'application/json; charset=utf-8', 'Content-Length': '375', 'Etag': 'W/"177-HFa6+tZs+AHWRJIFsbH35joXTkI"', 'Date': 'Wed, 15 Jun 2022 12:28:58 GMT', 'Via': '1.1 vegur'} 
 body={"user":{"id":170,"email":"reed@fantastic4.com","password_hash":"$2b$08$TVI82.2KqGjeS3JNAhWcT.Dx4Red25uRAGN6jjaDENGSGWzgD0JlK","name":"Reed Richards","avatar":null,"whatsapp":"31999999999","is_geek":true},"token":"eyJhbGciOiJIUzI1NiIsInR5cCI6IkpXVCJ9.eyJpZCI6MTcwLCJpYXQiOjE2NTUyOTYxMzgsImV4cCI6MTY1NjE2MDEzOH0.SG2jAIP-idA1rB6JtTlbzR8XlgRYaItMLKosS7d6Hg8","expires_in":"10d"} 
 </msg>
<msg timestamp="20220615 09:28:58.270" level="INFO">${response} = &lt;Response [200]&gt;</msg>
<status status="PASS" starttime="20220615 09:28:57.624" endtime="20220615 09:28:58.270"/>
</kw>
<msg timestamp="20220615 09:28:58.271" level="INFO">${response} = &lt;Response [200]&gt;</msg>
<status status="PASS" starttime="20220615 09:28:57.623" endtime="20220615 09:28:58.271"/>
</kw>
<kw name="Set Variable" library="BuiltIn">
<var>${result}</var>
<arg>${EMPTY}</arg>
<doc>Returns the given values which can then be assigned to a variables.</doc>
<msg timestamp="20220615 09:28:58.272" level="INFO">${result} = </msg>
<status status="PASS" starttime="20220615 09:28:58.271" endtime="20220615 09:28:58.272"/>
</kw>
<if>
<branch type="IF" condition="&quot;200&quot; in &quot;${response}&quot;">
<kw name="Set Variable" library="BuiltIn">
<var>${result}</var>
<arg>Bearer ${response.json()}[token]</arg>
<doc>Returns the given values which can then be assigned to a variables.</doc>
<msg timestamp="20220615 09:28:58.274" level="INFO">${result} = Bearer eyJhbGciOiJIUzI1NiIsInR5cCI6IkpXVCJ9.eyJpZCI6MTcwLCJpYXQiOjE2NTUyOTYxMzgsImV4cCI6MTY1NjE2MDEzOH0.SG2jAIP-idA1rB6JtTlbzR8XlgRYaItMLKosS7d6Hg8</msg>
<status status="PASS" starttime="20220615 09:28:58.273" endtime="20220615 09:28:58.274"/>
</kw>
<status status="PASS" starttime="20220615 09:28:58.272" endtime="20220615 09:28:58.274"/>
</branch>
<status status="PASS" starttime="20220615 09:28:58.272" endtime="20220615 09:28:58.274"/>
</if>
<msg timestamp="20220615 09:28:58.274" level="INFO">${token} = Bearer eyJhbGciOiJIUzI1NiIsInR5cCI6IkpXVCJ9.eyJpZCI6MTcwLCJpYXQiOjE2NTUyOTYxMzgsImV4cCI6MTY1NjE2MDEzOH0.SG2jAIP-idA1rB6JtTlbzR8XlgRYaItMLKosS7d6Hg8</msg>
<status status="PASS" starttime="20220615 09:28:57.621" endtime="20220615 09:28:58.274"/>
</kw>
<kw name="POST Geek" library="GeeksRoute">
<arg>${token}</arg>
<arg>${geek}[geek_profile]</arg>
<kw name="Create Dictionary" library="BuiltIn">
<var>${headers}</var>
<arg>Authorization=${token}</arg>
<doc>Creates and returns a dictionary based on the given ``items``.</doc>
<msg timestamp="20220615 09:28:58.275" level="INFO">${headers} = {'Authorization': 'Bearer eyJhbGciOiJIUzI1NiIsInR5cCI6IkpXVCJ9.eyJpZCI6MTcwLCJpYXQiOjE2NTUyOTYxMzgsImV4cCI6MTY1NjE2MDEzOH0.SG2jAIP-idA1rB6JtTlbzR8XlgRYaItMLKosS7d6Hg8'}</msg>
<status status="PASS" starttime="20220615 09:28:58.275" endtime="20220615 09:28:58.275"/>
</kw>
<kw name="POST" library="RequestsLibrary">
<var>${response}</var>
<arg>${API_GEEKS}/geeks</arg>
<arg>json=${payload}</arg>
<arg>headers=${headers}</arg>
<arg>expected_status=any</arg>
<doc>Sends a POST request.</doc>
<msg timestamp="20220615 09:28:58.893" level="INFO">POST Request : url=https://getgeeks-geeks-elidio.herokuapp.com/geeks 
 path_url=/geeks 
 headers={'User-Agent': 'python-requests/2.25.1', 'Accept-Encoding': 'gzip, deflate', 'Accept': '*/*', 'Connection': 'keep-alive', 'Authorization': 'Bearer eyJhbGciOiJIUzI1NiIsInR5cCI6IkpXVCJ9.eyJpZCI6MTcwLCJpYXQiOjE2NTUyOTYxMzgsImV4cCI6MTY1NjE2MDEzOH0.SG2jAIP-idA1rB6JtTlbzR8XlgRYaItMLKosS7d6Hg8', 'Content-Length': '318', 'Content-Type': 'application/json'} 
 body=b'{"whatsapp": "31999999999", "desc": "Instalado e fa\\u00e7o manuten\\u00e7\\u00e3o em qualquer tipo de impressora, matricial padr\\u00e3o, matricial fiscal, a jato, a cera, a laser e at\\u00e9 3D. Tamb\\u00e9m fa\\u00e7o remold de fitas coloridas para Epson LX300. ", "printer_repair": "Sim", "work": "Remoto", "cost": "120"}' 
 </msg>
<msg timestamp="20220615 09:28:58.893" level="INFO">POST Response : url=https://getgeeks-geeks-elidio.herokuapp.com/geeks 
 status=201, reason=Created 
 headers={'Server': 'Cowboy', 'Connection': 'keep-alive', 'X-Powered-By': 'Express', 'Access-Control-Allow-Origin': '*', 'Date': 'Wed, 15 Jun 2022 12:28:58 GMT', 'Content-Length': '0', 'Via': '1.1 vegur'} 
 body=None 
 </msg>
<msg timestamp="20220615 09:28:58.893" level="INFO">${response} = &lt;Response [201]&gt;</msg>
<status status="PASS" starttime="20220615 09:28:58.276" endtime="20220615 09:28:58.893"/>
</kw>
<status status="PASS" starttime="20220615 09:28:58.274" endtime="20220615 09:28:58.895"/>
</kw>
<status status="PASS" starttime="20220615 09:28:57.007" endtime="20220615 09:28:58.895"/>
</iter>
<status status="PASS" starttime="20220615 09:28:52.895" endtime="20220615 09:28:58.895"/>
</for>
<kw name="POST User" library="UsersRoute">
<arg>${data}[user]</arg>
<kw name="POST" library="RequestsLibrary">
<var>${response}</var>
<arg>${API_USERS}/users</arg>
<arg>json=${payload}</arg>
<arg>expected_status=any</arg>
<doc>Sends a POST request.</doc>
<msg timestamp="20220615 09:28:59.517" level="INFO">POST Request : url=https://getgeeks-users-elidio.herokuapp.com/users 
 path_url=/users 
 headers={'User-Agent': 'python-requests/2.25.1', 'Accept-Encoding': 'gzip, deflate', 'Accept': '*/*', 'Connection': 'keep-alive', 'Content-Length': '74', 'Content-Type': 'application/json'} 
 body=b'{"name": "Peter Quill", "email": "peter@marvel.com", "password": "pwd123"}' 
 </msg>
<msg timestamp="20220615 09:28:59.518" level="INFO">POST Response : url=https://getgeeks-users-elidio.herokuapp.com/users 
 status=400, reason=Bad Request 
 headers={'Server': 'Cowboy', 'Connection': 'keep-alive', 'X-Powered-By': 'Express', 'Access-Control-Allow-Origin': '*', 'Content-Type': 'application/json; charset=utf-8', 'Content-Length': '31', 'Etag': 'W/"1f-lFUySNKwX3L5eGEwGcNcUoVKWhE"', 'Date': 'Wed, 15 Jun 2022 12:28:59 GMT', 'Via': '1.1 vegur'} 
 body={"error":"User already exists"} 
 </msg>
<msg timestamp="20220615 09:28:59.518" level="INFO">${response} = &lt;Response [400]&gt;</msg>
<status status="PASS" starttime="20220615 09:28:58.896" endtime="20220615 09:28:59.518"/>
</kw>
<status status="PASS" starttime="20220615 09:28:58.895" endtime="20220615 09:28:59.519"/>
</kw>
<kw name="Get Token" library="Helpers">
<var>${token}</var>
<arg>${data}[user]</arg>
<kw name="Create Dictionary" library="BuiltIn">
<var>${payload}</var>
<arg>email=${user}[email]</arg>
<arg>password=${user}[password]</arg>
<doc>Creates and returns a dictionary based on the given ``items``.</doc>
<msg timestamp="20220615 09:28:59.521" level="INFO">${payload} = {'email': 'peter@marvel.com', 'password': 'pwd123'}</msg>
<status status="PASS" starttime="20220615 09:28:59.520" endtime="20220615 09:28:59.521"/>
</kw>
<kw name="POST Session" library="SessionsRoute">
<var>${response}</var>
<arg>${payload}</arg>
<kw name="POST" library="RequestsLibrary">
<var>${response}</var>
<arg>${API_USERS}/sessions</arg>
<arg>json=${payload}</arg>
<arg>expected_status=any</arg>
<doc>Sends a POST request.</doc>
<msg timestamp="20220615 09:29:00.215" level="INFO">POST Request : url=https://getgeeks-users-elidio.herokuapp.com/sessions 
 path_url=/sessions 
 headers={'User-Agent': 'python-requests/2.25.1', 'Accept-Encoding': 'gzip, deflate', 'Accept': '*/*', 'Connection': 'keep-alive', 'Content-Length': '51', 'Content-Type': 'application/json'} 
 body=b'{"email": "peter@marvel.com", "password": "pwd123"}' 
 </msg>
<msg timestamp="20220615 09:29:00.215" level="INFO">POST Response : url=https://getgeeks-users-elidio.herokuapp.com/sessions 
 status=200, reason=OK 
 headers={'Server': 'Cowboy', 'Connection': 'keep-alive', 'X-Powered-By': 'Express', 'Access-Control-Allow-Origin': '*', 'Content-Type': 'application/json; charset=utf-8', 'Content-Length': '362', 'Etag': 'W/"16a-t0egb71iXhpoTZpBAgXs696PsLg"', 'Date': 'Wed, 15 Jun 2022 12:29:00 GMT', 'Via': '1.1 vegur'} 
 body={"user":{"id":164,"email":"peter@marvel.com","password_hash":"$2b$08$urt9ur3yNv0dMulYJBP7WODWjYi7xw05DLSsfhLWT2rDz.uRUxY6W","name":"Peter Quill","avatar":null,"whatsapp":null,"is_geek":false},"token":"eyJhbGciOiJIUzI1NiIsInR5cCI6IkpXVCJ9.eyJpZCI6MTY0LCJpYXQiOjE2NTUyOTYxNDAsImV4cCI6MTY1NjE2MDE0MH0.tFNYiGuZN0VO1UPMX7vIW0iRQ49PKPYImic8lxo9AMs","expires_in":"10d"} 
 </msg>
<msg timestamp="20220615 09:29:00.215" level="INFO">${response} = &lt;Response [200]&gt;</msg>
<status status="PASS" starttime="20220615 09:28:59.522" endtime="20220615 09:29:00.215"/>
</kw>
<msg timestamp="20220615 09:29:00.216" level="INFO">${response} = &lt;Response [200]&gt;</msg>
<status status="PASS" starttime="20220615 09:28:59.521" endtime="20220615 09:29:00.216"/>
</kw>
<kw name="Set Variable" library="BuiltIn">
<var>${result}</var>
<arg>${EMPTY}</arg>
<doc>Returns the given values which can then be assigned to a variables.</doc>
<msg timestamp="20220615 09:29:00.216" level="INFO">${result} = </msg>
<status status="PASS" starttime="20220615 09:29:00.216" endtime="20220615 09:29:00.216"/>
</kw>
<if>
<branch type="IF" condition="&quot;200&quot; in &quot;${response}&quot;">
<kw name="Set Variable" library="BuiltIn">
<var>${result}</var>
<arg>Bearer ${response.json()}[token]</arg>
<doc>Returns the given values which can then be assigned to a variables.</doc>
<msg timestamp="20220615 09:29:00.217" level="INFO">${result} = Bearer eyJhbGciOiJIUzI1NiIsInR5cCI6IkpXVCJ9.eyJpZCI6MTY0LCJpYXQiOjE2NTUyOTYxNDAsImV4cCI6MTY1NjE2MDE0MH0.tFNYiGuZN0VO1UPMX7vIW0iRQ49PKPYImic8lxo9AMs</msg>
<status status="PASS" starttime="20220615 09:29:00.217" endtime="20220615 09:29:00.217"/>
</kw>
<status status="PASS" starttime="20220615 09:29:00.217" endtime="20220615 09:29:00.217"/>
</branch>
<status status="PASS" starttime="20220615 09:29:00.216" endtime="20220615 09:29:00.217"/>
</if>
<msg timestamp="20220615 09:29:00.218" level="INFO">${token} = Bearer eyJhbGciOiJIUzI1NiIsInR5cCI6IkpXVCJ9.eyJpZCI6MTY0LCJpYXQiOjE2NTUyOTYxNDAsImV4cCI6MTY1NjE2MDE0MH0.tFNYiGuZN0VO1UPMX7vIW0iRQ49PKPYImic8lxo9AMs</msg>
<status status="PASS" starttime="20220615 09:28:59.519" endtime="20220615 09:29:00.218"/>
</kw>
<kw name="GET Geeks" library="GeeksRoute">
<var>${response}</var>
<arg>${token}</arg>
<kw name="Create Dictionary" library="BuiltIn">
<var>${headers}</var>
<arg>Authorization=${token}</arg>
<doc>Creates and returns a dictionary based on the given ``items``.</doc>
<msg timestamp="20220615 09:29:00.218" level="INFO">${headers} = {'Authorization': 'Bearer eyJhbGciOiJIUzI1NiIsInR5cCI6IkpXVCJ9.eyJpZCI6MTY0LCJpYXQiOjE2NTUyOTYxNDAsImV4cCI6MTY1NjE2MDE0MH0.tFNYiGuZN0VO1UPMX7vIW0iRQ49PKPYImic8lxo9AMs'}</msg>
<status status="PASS" starttime="20220615 09:29:00.218" endtime="20220615 09:29:00.219"/>
</kw>
<kw name="GET" library="RequestsLibrary">
<var>${response}</var>
<arg>${API_GEEKS}/geeks</arg>
<arg>headers=${headers}</arg>
<arg>expected_status=any</arg>
<doc>Sends a GET request.</doc>
<msg timestamp="20220615 09:29:00.859" level="INFO">GET Request : url=https://getgeeks-geeks-elidio.herokuapp.com/geeks 
 path_url=/geeks 
 headers={'User-Agent': 'python-requests/2.25.1', 'Accept-Encoding': 'gzip, deflate', 'Accept': '*/*', 'Connection': 'keep-alive', 'Authorization': 'Bearer eyJhbGciOiJIUzI1NiIsInR5cCI6IkpXVCJ9.eyJpZCI6MTY0LCJpYXQiOjE2NTUyOTYxNDAsImV4cCI6MTY1NjE2MDE0MH0.tFNYiGuZN0VO1UPMX7vIW0iRQ49PKPYImic8lxo9AMs'} 
 body=None 
 </msg>
<msg timestamp="20220615 09:29:00.859" level="INFO">GET Response : url=https://getgeeks-geeks-elidio.herokuapp.com/geeks 
 status=200, reason=OK 
 headers={'Server': 'Cowboy', 'Connection': 'keep-alive', 'X-Powered-By': 'Express', 'Access-Control-Allow-Origin': '*', 'Content-Type': 'application/json; charset=utf-8', 'Content-Length': '1885', 'Etag': 'W/"75d-jWZbBHgXGM3tbcpQwo3X3xwHV3Q"', 'Date': 'Wed, 15 Jun 2022 12:29:00 GMT', 'Via': '1.1 vegur'} 
 body={"Geeks":[{"id":189,"desc":"Teste bla bla bla bla bla bla bla bla bla bla bla bla bla bla","printer_repair":"Sim","work":"Presencial","cost":"100.00","user_id":189,"email":"joao@test.com","password_hash":"$2b$08$eab3O9kZEfMAuKsp/Hkq.OFOqogNstbBlzU32R5wAjAKxJaCsRddu","name":"João Lucas","avatar":null,"whatsapp":"44999999999","is_geek":true},{"id":168,"desc":"Seu computador está lento? Reiniciando do nada? Talvez seja um vírus, ou algum hardware com defeito. Posso fazer a manutenção no seu PC, formando, reinstalando o SO, trocando algum componente físico e porque não remover o baidu ou qualquer outro malware.","printer_repair":"Não","work":"Presencial","cost":"100.00","user_id":168,"email":"riri@marvel.com","password_hash":"$2b$08$pKFIAX4iTB1qpxWK.zONZewcnystlgKhoYTJvQqIv4QfbR6/Lc9Sa","name":"Riri Willians","avatar":null,"whatsapp":"11999999999","is_geek":true},{"id":169,"desc":"Instalo Distros Ubuntu, Debian, ElementaryOS, PopOS, Linux Mint, Kurumin, Mandrake, Connectiva, Fedora, RedHat, CentOS, Slackware, Gentoo, Archlinux, Kubuntu, Xubuntu, Suze, Mandriva, Edubuntu, KateOS, Sabayon Linux, Manjaro Linux, BigLinux, ZorinOS, Unit","printer_repair":"Não","work":"Ambos","cost":"110.00","user_id":169,"email":"zola@hidra.com","password_hash":"$2b$08$0eMwrb0.wsj0PHC67h2XNO1VDGuKMmVc0gISO/ftwPVhJC52FColu","name":"Arnim Zola","avatar":null,"whatsapp":"21999999999","is_geek":true},{"id":170,"desc":"Instalado e faço manutenção em qualquer tipo de impressora, matricial padrão, matricial fiscal, a jato, a cera, a laser e até 3D. Também faço remold de fitas coloridas para Epson LX300. ","printer_repair":"Sim","work":"Remoto","cost":"120.00","user_id":170,"email":"reed@fantastic4.com","password_hash":"$2b$08$TVI82.2KqGjeS3JNAhWcT.Dx4Red25uRAGN6jjaDENGSGWzgD0JlK","name":"Reed Richards","avatar":null,"whatsapp":"31999999999","is_geek":true}],"Count":"4"} 
 </msg>
<msg timestamp="20220615 09:29:00.859" level="INFO">${response} = &lt;Response [200]&gt;</msg>
<status status="PASS" starttime="20220615 09:29:00.219" endtime="20220615 09:29:00.859"/>
</kw>
<msg timestamp="20220615 09:29:00.860" level="INFO">${response} = &lt;Response [200]&gt;</msg>
<status status="PASS" starttime="20220615 09:29:00.218" endtime="20220615 09:29:00.860"/>
</kw>
<kw name="Status Should Be" library="RequestsLibrary">
<arg>200</arg>
<arg>${response}</arg>
<doc>Fails if response status code is different than the expected.</doc>
<status status="PASS" starttime="20220615 09:29:00.860" endtime="20220615 09:29:00.861"/>
</kw>
<kw name="Get Length" library="BuiltIn">
<var>${total}</var>
<arg>${response.json()}[Geeks]</arg>
<doc>Returns and logs the length of the given item as an integer.</doc>
<msg timestamp="20220615 09:29:00.862" level="INFO">Length is 4</msg>
<msg timestamp="20220615 09:29:00.862" level="INFO">${total} = 4</msg>
<status status="PASS" starttime="20220615 09:29:00.861" endtime="20220615 09:29:00.862"/>
</kw>
<kw name="Should Be True" library="BuiltIn">
<arg>${total} &gt; 0</arg>
<doc>Fails if the given condition is not true.</doc>
<status status="PASS" starttime="20220615 09:29:00.862" endtime="20220615 09:29:00.863"/>
</kw>
<status status="PASS" starttime="20220615 09:28:52.894" endtime="20220615 09:29:00.863"/>
</test>
<doc>Geek route test suite</doc>
<status status="PASS" starttime="20220615 09:28:48.537" endtime="20220615 09:29:00.864"/>
</suite>
<suite id="s1-s2" name="Sessions" source="D:\Git\robot-gravidade-zero\getgeeks\project\backend\tests\Sessions.robot">
<test id="s1-s2-t1" name="User Session">
<kw name="Factory User Session" library="Users">
<var>${payload}</var>
<arg>signup</arg>
<msg timestamp="20220615 09:29:00.878" level="INFO">${payload} = {'name': ('Kate Bishop',), 'email': ('kate@email.com',), 'password': 'pwd123'}</msg>
<status status="PASS" starttime="20220615 09:29:00.878" endtime="20220615 09:29:00.878"/>
</kw>
<kw name="POST User" library="UsersRoute">
<arg>${payload}</arg>
<kw name="POST" library="RequestsLibrary">
<var>${response}</var>
<arg>${API_USERS}/users</arg>
<arg>json=${payload}</arg>
<arg>expected_status=any</arg>
<doc>Sends a POST request.</doc>
<msg timestamp="20220615 09:29:01.502" level="INFO">POST Request : url=https://getgeeks-users-elidio.herokuapp.com/users 
 path_url=/users 
 headers={'User-Agent': 'python-requests/2.25.1', 'Accept-Encoding': 'gzip, deflate', 'Accept': '*/*', 'Connection': 'keep-alive', 'Content-Length': '76', 'Content-Type': 'application/json'} 
 body=b'{"name": ["Kate Bishop"], "email": ["kate@email.com"], "password": "pwd123"}' 
 </msg>
<msg timestamp="20220615 09:29:01.503" level="INFO">POST Response : url=https://getgeeks-users-elidio.herokuapp.com/users 
 status=400, reason=Bad Request 
 headers={'Server': 'Cowboy', 'Connection': 'keep-alive', 'X-Powered-By': 'Express', 'Access-Control-Allow-Origin': '*', 'Content-Type': 'application/json; charset=utf-8', 'Content-Length': '31', 'Etag': 'W/"1f-lFUySNKwX3L5eGEwGcNcUoVKWhE"', 'Date': 'Wed, 15 Jun 2022 12:29:01 GMT', 'Via': '1.1 vegur'} 
 body={"error":"User already exists"} 
 </msg>
<msg timestamp="20220615 09:29:01.503" level="INFO">${response} = &lt;Response [400]&gt;</msg>
<status status="PASS" starttime="20220615 09:29:00.878" endtime="20220615 09:29:01.503"/>
</kw>
<status status="PASS" starttime="20220615 09:29:00.878" endtime="20220615 09:29:01.504"/>
</kw>
<kw name="Factory User Session" library="Users">
<var>${payload}</var>
<arg>login</arg>
<msg timestamp="20220615 09:29:01.505" level="INFO">${payload} = {'email': ('kate@email.com',), 'password': 'pwd123'}</msg>
<status status="PASS" starttime="20220615 09:29:01.504" endtime="20220615 09:29:01.505"/>
</kw>
<kw name="POST Session" library="SessionsRoute">
<var>${response}</var>
<arg>${payload}</arg>
<kw name="POST" library="RequestsLibrary">
<var>${response}</var>
<arg>${API_USERS}/sessions</arg>
<arg>json=${payload}</arg>
<arg>expected_status=any</arg>
<doc>Sends a POST request.</doc>
<msg timestamp="20220615 09:29:02.160" level="INFO">POST Request : url=https://getgeeks-users-elidio.herokuapp.com/sessions 
 path_url=/sessions 
 headers={'User-Agent': 'python-requests/2.25.1', 'Accept-Encoding': 'gzip, deflate', 'Accept': '*/*', 'Connection': 'keep-alive', 'Content-Length': '51', 'Content-Type': 'application/json'} 
 body=b'{"email": ["kate@email.com"], "password": "pwd123"}' 
 </msg>
<msg timestamp="20220615 09:29:02.160" level="INFO">POST Response : url=https://getgeeks-users-elidio.herokuapp.com/sessions 
 status=200, reason=OK 
 headers={'Server': 'Cowboy', 'Connection': 'keep-alive', 'X-Powered-By': 'Express', 'Access-Control-Allow-Origin': '*', 'Content-Type': 'application/json; charset=utf-8', 'Content-Length': '372', 'Etag': 'W/"174-D8lFJBPWm2dSkifxe1Ip/hzfEFo"', 'Date': 'Wed, 15 Jun 2022 12:29:02 GMT', 'Via': '1.1 vegur'} 
 body={"user":{"id":139,"email":"{\"kate@email.com\"}","password_hash":"$2b$08$mfNJ1i3N9FZs8wA.F5NwL.L6doCcpT6WHSJagrSRTRA9HBR1DfwG6","name":"{\"Kate Bishop\"}","avatar":null,"whatsapp":null,"is_geek":false},"token":"eyJhbGciOiJIUzI1NiIsInR5cCI6IkpXVCJ9.eyJpZCI6MTM5LCJpYXQiOjE2NTUyOTYxNDIsImV4cCI6MTY1NjE2MDE0Mn0.j4bW8aV0X6wYetkzljsbFO-CAN8y6NR6VsAmeUAYGLM","expires_in":"10d"} 
 </msg>
<msg timestamp="20220615 09:29:02.160" level="INFO">${response} = &lt;Response [200]&gt;</msg>
<status status="PASS" starttime="20220615 09:29:01.506" endtime="20220615 09:29:02.160"/>
</kw>
<msg timestamp="20220615 09:29:02.161" level="INFO">${response} = &lt;Response [200]&gt;</msg>
<status status="PASS" starttime="20220615 09:29:01.505" endtime="20220615 09:29:02.161"/>
</kw>
<kw name="Status Should Be" library="RequestsLibrary">
<arg>200</arg>
<arg>${response}</arg>
<doc>Fails if response status code is different than the expected.</doc>
<status status="PASS" starttime="20220615 09:29:02.161" endtime="20220615 09:29:02.162"/>
</kw>
<kw name="Get Length" library="BuiltIn">
<var>${size}</var>
<arg>${response.json()}[token]</arg>
<doc>Returns and logs the length of the given item as an integer.</doc>
<msg timestamp="20220615 09:29:02.164" level="INFO">Length is 140</msg>
<msg timestamp="20220615 09:29:02.164" level="INFO">${size} = 140</msg>
<status status="PASS" starttime="20220615 09:29:02.162" endtime="20220615 09:29:02.164"/>
</kw>
<kw name="Convert To Integer" library="BuiltIn">
<var>${expected_size}</var>
<arg>140</arg>
<doc>Converts the given item to an integer number.</doc>
<msg timestamp="20220615 09:29:02.165" level="INFO">${expected_size} = 140</msg>
<status status="PASS" starttime="20220615 09:29:02.164" endtime="20220615 09:29:02.165"/>
</kw>
<kw name="Should Be Equal" library="BuiltIn">
<arg>${expected_size}</arg>
<arg>${size}</arg>
<doc>Fails if the given objects are unequal.</doc>
<status status="PASS" starttime="20220615 09:29:02.165" endtime="20220615 09:29:02.166"/>
</kw>
<kw name="Should Be Equal" library="BuiltIn">
<arg>10d</arg>
<arg>${response.json()}[expires_in]</arg>
<doc>Fails if the given objects are unequal.</doc>
<status status="PASS" starttime="20220615 09:29:02.166" endtime="20220615 09:29:02.168"/>
</kw>
<status status="PASS" starttime="20220615 09:29:00.877" endtime="20220615 09:29:02.168"/>
</test>
<test id="s1-s2-t2" name="Should Not Get Token">
<kw name="Attempt POST Session">
<arg>${inv_pass}</arg>
<arg>401</arg>
<arg>Unauthorized</arg>
<kw name="POST Session" library="SessionsRoute">
<var>${response}</var>
<arg>${payload}</arg>
<kw name="POST" library="RequestsLibrary">
<var>${response}</var>
<arg>${API_USERS}/sessions</arg>
<arg>json=${payload}</arg>
<arg>expected_status=any</arg>
<doc>Sends a POST request.</doc>
<msg timestamp="20220615 09:29:02.786" level="INFO">POST Request : url=https://getgeeks-users-elidio.herokuapp.com/sessions 
 path_url=/sessions 
 headers={'User-Agent': 'python-requests/2.25.1', 'Accept-Encoding': 'gzip, deflate', 'Accept': '*/*', 'Connection': 'keep-alive', 'Content-Length': '51', 'Content-Type': 'application/json'} 
 body=b'{"email": "kate@hotmail.com", "password": "abc123"}' 
 </msg>
<msg timestamp="20220615 09:29:02.786" level="INFO">POST Response : url=https://getgeeks-users-elidio.herokuapp.com/sessions 
 status=401, reason=Unauthorized 
 headers={'Server': 'Cowboy', 'Connection': 'keep-alive', 'X-Powered-By': 'Express', 'Access-Control-Allow-Origin': '*', 'Content-Type': 'application/json; charset=utf-8', 'Content-Length': '24', 'Etag': 'W/"18-XPDV80vbMk4yY1/PADG4jYM4rSI"', 'Date': 'Wed, 15 Jun 2022 12:29:02 GMT', 'Via': '1.1 vegur'} 
 body={"error":"Unauthorized"} 
 </msg>
<msg timestamp="20220615 09:29:02.787" level="INFO">${response} = &lt;Response [401]&gt;</msg>
<status status="PASS" starttime="20220615 09:29:02.171" endtime="20220615 09:29:02.787"/>
</kw>
<msg timestamp="20220615 09:29:02.788" level="INFO">${response} = &lt;Response [401]&gt;</msg>
<status status="PASS" starttime="20220615 09:29:02.170" endtime="20220615 09:29:02.788"/>
</kw>
<kw name="Status Should Be" library="RequestsLibrary">
<arg>${status_code}</arg>
<arg>${response}</arg>
<doc>Fails if response status code is different than the expected.</doc>
<status status="PASS" starttime="20220615 09:29:02.788" endtime="20220615 09:29:02.790"/>
</kw>
<kw name="Should Be Equal" library="BuiltIn">
<arg>${error_message}</arg>
<arg>${response.json()}[error]</arg>
<doc>Fails if the given objects are unequal.</doc>
<status status="PASS" starttime="20220615 09:29:02.790" endtime="20220615 09:29:02.793"/>
</kw>
<status status="PASS" starttime="20220615 09:29:02.169" endtime="20220615 09:29:02.794"/>
</kw>
<kw name="Attempt POST Session">
<arg>${inv_email}</arg>
<arg>400</arg>
<arg>Incorrect email</arg>
<kw name="POST Session" library="SessionsRoute">
<var>${response}</var>
<arg>${payload}</arg>
<kw name="POST" library="RequestsLibrary">
<var>${response}</var>
<arg>${API_USERS}/sessions</arg>
<arg>json=${payload}</arg>
<arg>expected_status=any</arg>
<doc>Sends a POST request.</doc>
<msg timestamp="20220615 09:29:03.408" level="INFO">POST Request : url=https://getgeeks-users-elidio.herokuapp.com/sessions 
 path_url=/sessions 
 headers={'User-Agent': 'python-requests/2.25.1', 'Accept-Encoding': 'gzip, deflate', 'Accept': '*/*', 'Connection': 'keep-alive', 'Content-Length': '51', 'Content-Type': 'application/json'} 
 body=b'{"email": "kate.hotmail.com", "password": "pwd123"}' 
 </msg>
<msg timestamp="20220615 09:29:03.408" level="INFO">POST Response : url=https://getgeeks-users-elidio.herokuapp.com/sessions 
 status=400, reason=Bad Request 
 headers={'Server': 'Cowboy', 'Connection': 'keep-alive', 'X-Powered-By': 'Express', 'Access-Control-Allow-Origin': '*', 'Content-Type': 'application/json; charset=utf-8', 'Content-Length': '27', 'Etag': 'W/"1b-/TOfJuE8lwSWEXvBl7o6iRstTo0"', 'Date': 'Wed, 15 Jun 2022 12:29:03 GMT', 'Via': '1.1 vegur'} 
 body={"error":"Incorrect email"} 
 </msg>
<msg timestamp="20220615 09:29:03.408" level="INFO">${response} = &lt;Response [400]&gt;</msg>
<status status="PASS" starttime="20220615 09:29:02.796" endtime="20220615 09:29:03.408"/>
</kw>
<msg timestamp="20220615 09:29:03.409" level="INFO">${response} = &lt;Response [400]&gt;</msg>
<status status="PASS" starttime="20220615 09:29:02.795" endtime="20220615 09:29:03.409"/>
</kw>
<kw name="Status Should Be" library="RequestsLibrary">
<arg>${status_code}</arg>
<arg>${response}</arg>
<doc>Fails if response status code is different than the expected.</doc>
<status status="PASS" starttime="20220615 09:29:03.409" endtime="20220615 09:29:03.409"/>
</kw>
<kw name="Should Be Equal" library="BuiltIn">
<arg>${error_message}</arg>
<arg>${response.json()}[error]</arg>
<doc>Fails if the given objects are unequal.</doc>
<status status="PASS" starttime="20220615 09:29:03.409" endtime="20220615 09:29:03.410"/>
</kw>
<status status="PASS" starttime="20220615 09:29:02.794" endtime="20220615 09:29:03.410"/>
</kw>
<kw name="Attempt POST Session">
<arg>${email_not_found}</arg>
<arg>401</arg>
<arg>Unauthorized</arg>
<kw name="POST Session" library="SessionsRoute">
<var>${response}</var>
<arg>${payload}</arg>
<kw name="POST" library="RequestsLibrary">
<var>${response}</var>
<arg>${API_USERS}/sessions</arg>
<arg>json=${payload}</arg>
<arg>expected_status=any</arg>
<doc>Sends a POST request.</doc>
<msg timestamp="20220615 09:29:04.045" level="INFO">POST Request : url=https://getgeeks-users-elidio.herokuapp.com/sessions 
 path_url=/sessions 
 headers={'User-Agent': 'python-requests/2.25.1', 'Accept-Encoding': 'gzip, deflate', 'Accept': '*/*', 'Connection': 'keep-alive', 'Content-Length': '47', 'Content-Type': 'application/json'} 
 body=b'{"email": "kate@404.com", "password": "pwd123"}' 
 </msg>
<msg timestamp="20220615 09:29:04.045" level="INFO">POST Response : url=https://getgeeks-users-elidio.herokuapp.com/sessions 
 status=401, reason=Unauthorized 
 headers={'Server': 'Cowboy', 'Connection': 'keep-alive', 'X-Powered-By': 'Express', 'Access-Control-Allow-Origin': '*', 'Content-Type': 'application/json; charset=utf-8', 'Content-Length': '24', 'Etag': 'W/"18-XPDV80vbMk4yY1/PADG4jYM4rSI"', 'Date': 'Wed, 15 Jun 2022 12:29:03 GMT', 'Via': '1.1 vegur'} 
 body={"error":"Unauthorized"} 
 </msg>
<msg timestamp="20220615 09:29:04.046" level="INFO">${response} = &lt;Response [401]&gt;</msg>
<status status="PASS" starttime="20220615 09:29:03.411" endtime="20220615 09:29:04.046"/>
</kw>
<msg timestamp="20220615 09:29:04.046" level="INFO">${response} = &lt;Response [401]&gt;</msg>
<status status="PASS" starttime="20220615 09:29:03.411" endtime="20220615 09:29:04.046"/>
</kw>
<kw name="Status Should Be" library="RequestsLibrary">
<arg>${status_code}</arg>
<arg>${response}</arg>
<doc>Fails if response status code is different than the expected.</doc>
<status status="PASS" starttime="20220615 09:29:04.046" endtime="20220615 09:29:04.047"/>
</kw>
<kw name="Should Be Equal" library="BuiltIn">
<arg>${error_message}</arg>
<arg>${response.json()}[error]</arg>
<doc>Fails if the given objects are unequal.</doc>
<status status="PASS" starttime="20220615 09:29:04.047" endtime="20220615 09:29:04.048"/>
</kw>
<status status="PASS" starttime="20220615 09:29:03.410" endtime="20220615 09:29:04.048"/>
</kw>
<kw name="Attempt POST Session">
<arg>${empty_email}</arg>
<arg>400</arg>
<arg>Required email</arg>
<kw name="POST Session" library="SessionsRoute">
<var>${response}</var>
<arg>${payload}</arg>
<kw name="POST" library="RequestsLibrary">
<var>${response}</var>
<arg>${API_USERS}/sessions</arg>
<arg>json=${payload}</arg>
<arg>expected_status=any</arg>
<doc>Sends a POST request.</doc>
<msg timestamp="20220615 09:29:04.762" level="INFO">POST Request : url=https://getgeeks-users-elidio.herokuapp.com/sessions 
 path_url=/sessions 
 headers={'User-Agent': 'python-requests/2.25.1', 'Accept-Encoding': 'gzip, deflate', 'Accept': '*/*', 'Connection': 'keep-alive', 'Content-Length': '35', 'Content-Type': 'application/json'} 
 body=b'{"email": "", "password": "pwd123"}' 
 </msg>
<msg timestamp="20220615 09:29:04.763" level="INFO">POST Response : url=https://getgeeks-users-elidio.herokuapp.com/sessions 
 status=400, reason=Bad Request 
 headers={'Server': 'Cowboy', 'Connection': 'keep-alive', 'X-Powered-By': 'Express', 'Access-Control-Allow-Origin': '*', 'Content-Type': 'application/json; charset=utf-8', 'Content-Length': '26', 'Etag': 'W/"1a-ztWLEO5pP/4DOQYYgf8vh7rMmRI"', 'Date': 'Wed, 15 Jun 2022 12:29:04 GMT', 'Via': '1.1 vegur'} 
 body={"error":"Required email"} 
 </msg>
<msg timestamp="20220615 09:29:04.763" level="INFO">${response} = &lt;Response [400]&gt;</msg>
<status status="PASS" starttime="20220615 09:29:04.049" endtime="20220615 09:29:04.763"/>
</kw>
<msg timestamp="20220615 09:29:04.763" level="INFO">${response} = &lt;Response [400]&gt;</msg>
<status status="PASS" starttime="20220615 09:29:04.048" endtime="20220615 09:29:04.763"/>
</kw>
<kw name="Status Should Be" library="RequestsLibrary">
<arg>${status_code}</arg>
<arg>${response}</arg>
<doc>Fails if response status code is different than the expected.</doc>
<status status="PASS" starttime="20220615 09:29:04.763" endtime="20220615 09:29:04.764"/>
</kw>
<kw name="Should Be Equal" library="BuiltIn">
<arg>${error_message}</arg>
<arg>${response.json()}[error]</arg>
<doc>Fails if the given objects are unequal.</doc>
<status status="PASS" starttime="20220615 09:29:04.764" endtime="20220615 09:29:04.765"/>
</kw>
<status status="PASS" starttime="20220615 09:29:04.048" endtime="20220615 09:29:04.765"/>
</kw>
<kw name="Attempt POST Session">
<arg>${without_email}</arg>
<arg>400</arg>
<arg>Required email</arg>
<kw name="POST Session" library="SessionsRoute">
<var>${response}</var>
<arg>${payload}</arg>
<kw name="POST" library="RequestsLibrary">
<var>${response}</var>
<arg>${API_USERS}/sessions</arg>
<arg>json=${payload}</arg>
<arg>expected_status=any</arg>
<doc>Sends a POST request.</doc>
<msg timestamp="20220615 09:29:05.402" level="INFO">POST Request : url=https://getgeeks-users-elidio.herokuapp.com/sessions 
 path_url=/sessions 
 headers={'User-Agent': 'python-requests/2.25.1', 'Accept-Encoding': 'gzip, deflate', 'Accept': '*/*', 'Connection': 'keep-alive', 'Content-Length': '22', 'Content-Type': 'application/json'} 
 body=b'{"password": "pwd123"}' 
 </msg>
<msg timestamp="20220615 09:29:05.402" level="INFO">POST Response : url=https://getgeeks-users-elidio.herokuapp.com/sessions 
 status=400, reason=Bad Request 
 headers={'Server': 'Cowboy', 'Connection': 'keep-alive', 'X-Powered-By': 'Express', 'Access-Control-Allow-Origin': '*', 'Content-Type': 'application/json; charset=utf-8', 'Content-Length': '26', 'Etag': 'W/"1a-ztWLEO5pP/4DOQYYgf8vh7rMmRI"', 'Date': 'Wed, 15 Jun 2022 12:29:05 GMT', 'Via': '1.1 vegur'} 
 body={"error":"Required email"} 
 </msg>
<msg timestamp="20220615 09:29:05.403" level="INFO">${response} = &lt;Response [400]&gt;</msg>
<status status="PASS" starttime="20220615 09:29:04.766" endtime="20220615 09:29:05.403"/>
</kw>
<msg timestamp="20220615 09:29:05.403" level="INFO">${response} = &lt;Response [400]&gt;</msg>
<status status="PASS" starttime="20220615 09:29:04.766" endtime="20220615 09:29:05.403"/>
</kw>
<kw name="Status Should Be" library="RequestsLibrary">
<arg>${status_code}</arg>
<arg>${response}</arg>
<doc>Fails if response status code is different than the expected.</doc>
<status status="PASS" starttime="20220615 09:29:05.404" endtime="20220615 09:29:05.404"/>
</kw>
<kw name="Should Be Equal" library="BuiltIn">
<arg>${error_message}</arg>
<arg>${response.json()}[error]</arg>
<doc>Fails if the given objects are unequal.</doc>
<status status="PASS" starttime="20220615 09:29:05.405" endtime="20220615 09:29:05.407"/>
</kw>
<status status="PASS" starttime="20220615 09:29:04.765" endtime="20220615 09:29:05.407"/>
</kw>
<kw name="Attempt POST Session">
<arg>${empty_pass}</arg>
<arg>400</arg>
<arg>Required pass</arg>
<kw name="POST Session" library="SessionsRoute">
<var>${response}</var>
<arg>${payload}</arg>
<kw name="POST" library="RequestsLibrary">
<var>${response}</var>
<arg>${API_USERS}/sessions</arg>
<arg>json=${payload}</arg>
<arg>expected_status=any</arg>
<doc>Sends a POST request.</doc>
<msg timestamp="20220615 09:29:06.031" level="INFO">POST Request : url=https://getgeeks-users-elidio.herokuapp.com/sessions 
 path_url=/sessions 
 headers={'User-Agent': 'python-requests/2.25.1', 'Accept-Encoding': 'gzip, deflate', 'Accept': '*/*', 'Connection': 'keep-alive', 'Content-Length': '45', 'Content-Type': 'application/json'} 
 body=b'{"email": "kate@hotmail.com", "password": ""}' 
 </msg>
<msg timestamp="20220615 09:29:06.031" level="INFO">POST Response : url=https://getgeeks-users-elidio.herokuapp.com/sessions 
 status=400, reason=Bad Request 
 headers={'Server': 'Cowboy', 'Connection': 'keep-alive', 'X-Powered-By': 'Express', 'Access-Control-Allow-Origin': '*', 'Content-Type': 'application/json; charset=utf-8', 'Content-Length': '25', 'Etag': 'W/"19-XQPKZGB2rC+TLudFQKbwFLPwbR0"', 'Date': 'Wed, 15 Jun 2022 12:29:05 GMT', 'Via': '1.1 vegur'} 
 body={"error":"Required pass"} 
 </msg>
<msg timestamp="20220615 09:29:06.031" level="INFO">${response} = &lt;Response [400]&gt;</msg>
<status status="PASS" starttime="20220615 09:29:05.411" endtime="20220615 09:29:06.031"/>
</kw>
<msg timestamp="20220615 09:29:06.031" level="INFO">${response} = &lt;Response [400]&gt;</msg>
<status status="PASS" starttime="20220615 09:29:05.410" endtime="20220615 09:29:06.032"/>
</kw>
<kw name="Status Should Be" library="RequestsLibrary">
<arg>${status_code}</arg>
<arg>${response}</arg>
<doc>Fails if response status code is different than the expected.</doc>
<status status="PASS" starttime="20220615 09:29:06.032" endtime="20220615 09:29:06.032"/>
</kw>
<kw name="Should Be Equal" library="BuiltIn">
<arg>${error_message}</arg>
<arg>${response.json()}[error]</arg>
<doc>Fails if the given objects are unequal.</doc>
<status status="PASS" starttime="20220615 09:29:06.032" endtime="20220615 09:29:06.033"/>
</kw>
<status status="PASS" starttime="20220615 09:29:05.408" endtime="20220615 09:29:06.034"/>
</kw>
<kw name="Attempt POST Session">
<arg>${without_pass}</arg>
<arg>400</arg>
<arg>Required pass</arg>
<kw name="POST Session" library="SessionsRoute">
<var>${response}</var>
<arg>${payload}</arg>
<kw name="POST" library="RequestsLibrary">
<var>${response}</var>
<arg>${API_USERS}/sessions</arg>
<arg>json=${payload}</arg>
<arg>expected_status=any</arg>
<doc>Sends a POST request.</doc>
<msg timestamp="20220615 09:29:06.665" level="INFO">POST Request : url=https://getgeeks-users-elidio.herokuapp.com/sessions 
 path_url=/sessions 
 headers={'User-Agent': 'python-requests/2.25.1', 'Accept-Encoding': 'gzip, deflate', 'Accept': '*/*', 'Connection': 'keep-alive', 'Content-Length': '29', 'Content-Type': 'application/json'} 
 body=b'{"email": "kate@hotmail.com"}' 
 </msg>
<msg timestamp="20220615 09:29:06.665" level="INFO">POST Response : url=https://getgeeks-users-elidio.herokuapp.com/sessions 
 status=400, reason=Bad Request 
 headers={'Server': 'Cowboy', 'Connection': 'keep-alive', 'X-Powered-By': 'Express', 'Access-Control-Allow-Origin': '*', 'Content-Type': 'application/json; charset=utf-8', 'Content-Length': '25', 'Etag': 'W/"19-XQPKZGB2rC+TLudFQKbwFLPwbR0"', 'Date': 'Wed, 15 Jun 2022 12:29:06 GMT', 'Via': '1.1 vegur'} 
 body={"error":"Required pass"} 
 </msg>
<msg timestamp="20220615 09:29:06.666" level="INFO">${response} = &lt;Response [400]&gt;</msg>
<status status="PASS" starttime="20220615 09:29:06.034" endtime="20220615 09:29:06.666"/>
</kw>
<msg timestamp="20220615 09:29:06.667" level="INFO">${response} = &lt;Response [400]&gt;</msg>
<status status="PASS" starttime="20220615 09:29:06.034" endtime="20220615 09:29:06.667"/>
</kw>
<kw name="Status Should Be" library="RequestsLibrary">
<arg>${status_code}</arg>
<arg>${response}</arg>
<doc>Fails if response status code is different than the expected.</doc>
<status status="PASS" starttime="20220615 09:29:06.667" endtime="20220615 09:29:06.669"/>
</kw>
<kw name="Should Be Equal" library="BuiltIn">
<arg>${error_message}</arg>
<arg>${response.json()}[error]</arg>
<doc>Fails if the given objects are unequal.</doc>
<status status="PASS" starttime="20220615 09:29:06.669" endtime="20220615 09:29:06.672"/>
</kw>
<status status="PASS" starttime="20220615 09:29:06.034" endtime="20220615 09:29:06.673"/>
</kw>
<status status="PASS" starttime="20220615 09:29:02.168" endtime="20220615 09:29:06.673"/>
</test>
<doc>Session route test suite</doc>
<status status="PASS" starttime="20220615 09:29:00.865" endtime="20220615 09:29:06.675"/>
</suite>
<suite id="s1-s3" name="Users" source="D:\Git\robot-gravidade-zero\getgeeks\project\backend\tests\Users.robot">
<test id="s1-s3-t1" name="Add new user">
<kw name="Factory New User" library="Users">
<var>${user}</var>
<msg timestamp="20220615 09:29:06.688" level="INFO">${user} = {'name': 'Clint Barton', 'email': 'barton@shield.com', 'password': 'pwd123'}</msg>
<status status="PASS" starttime="20220615 09:29:06.688" endtime="20220615 09:29:06.688"/>
</kw>
[...]
 </msg>
<msg timestamp="20220615 09:29:12.093" level="INFO">${response} = &lt;Response [200]&gt;</msg>
<status status="PASS" starttime="20220615 09:29:11.434" endtime="20220615 09:29:12.093"/>
</kw>
<msg timestamp="20220615 09:29:12.094" level="INFO">${response} = &lt;Response [200]&gt;</msg>
<status status="PASS" starttime="20220615 09:29:11.433" endtime="20220615 09:29:12.094"/>
</kw>
<kw name="Set Variable" library="BuiltIn">
<var>${result}</var>
<arg>${EMPTY}</arg>
<doc>Returns the given values which can then be assigned to a variables.</doc>
<msg timestamp="20220615 09:29:12.095" level="INFO">${result} = </msg>
<status status="PASS" starttime="20220615 09:29:12.094" endtime="20220615 09:29:12.095"/>
</kw>
<if>
<branch type="IF" condition="&quot;200&quot; in &quot;${response}&quot;">
<kw name="Set Variable" library="BuiltIn">
<var>${result}</var>
<arg>Bearer ${response.json()}[token]</arg>
<doc>Returns the given values which can then be assigned to a variables.</doc>
<msg timestamp="20220615 09:29:12.097" level="INFO">${result} = Bearer eyJhbGciOiJIUzI1NiIsInR5cCI6IkpXVCJ9.eyJpZCI6MTkxLCJpYXQiOjE2NTUyOTYxNTIsImV4cCI6MTY1NjE2MDE1Mn0.84uqFQQRwnfGbGizws8IJld_bHSIiNNgeK3fUR8x1wE</msg>
<status status="PASS" starttime="20220615 09:29:12.096" endtime="20220615 09:29:12.097"/>
</kw>
<status status="PASS" starttime="20220615 09:29:12.096" endtime="20220615 09:29:12.097"/>
</branch>
<status status="PASS" starttime="20220615 09:29:12.095" endtime="20220615 09:29:12.097"/>
</if>
<msg timestamp="20220615 09:29:12.098" level="INFO">${token} = Bearer eyJhbGciOiJIUzI1NiIsInR5cCI6IkpXVCJ9.eyJpZCI6MTkxLCJpYXQiOjE2NTUyOTYxNTIsImV4cCI6MTY1NjE2MDE1Mn0.84uqFQQRwnfGbGizws8IJld_bHSIiNNgeK3fUR8x1wE</msg>
<status status="PASS" starttime="20220615 09:29:11.431" endtime="20220615 09:29:12.098"/>
</kw>
<kw name="DELETE User" library="UsersRoute">
<var>${response}</var>
<arg>${token}</arg>
<kw name="Create Dictionary" library="BuiltIn">
<var>${headers}</var>
<arg>Authorization=${token}</arg>
<doc>Creates and returns a dictionary based on the given ``items``.</doc>
<msg timestamp="20220615 09:29:12.100" level="INFO">${headers} = {'Authorization': 'Bearer eyJhbGciOiJIUzI1NiIsInR5cCI6IkpXVCJ9.eyJpZCI6MTkxLCJpYXQiOjE2NTUyOTYxNTIsImV4cCI6MTY1NjE2MDE1Mn0.84uqFQQRwnfGbGizws8IJld_bHSIiNNgeK3fUR8x1wE'}</msg>
<status status="PASS" starttime="20220615 09:29:12.099" endtime="20220615 09:29:12.100"/>
</kw>
<kw name="DELETE" library="RequestsLibrary">
<var>${response}</var>
<arg>${API_USERS}/users</arg>
<arg>headers=${headers}</arg>
<arg>expected_status=any</arg>
<doc>Sends a DELETE request.</doc>
<msg timestamp="20220615 09:29:12.811" level="INFO">DELETE Request : url=https://getgeeks-users-elidio.herokuapp.com/users 
 path_url=/users 
 headers={'User-Agent': 'python-requests/2.25.1', 'Accept-Encoding': 'gzip, deflate', 'Accept': '*/*', 'Connection': 'keep-alive', 'Authorization': 'Bearer eyJhbGciOiJIUzI1NiIsInR5cCI6IkpXVCJ9.eyJpZCI6MTkxLCJpYXQiOjE2NTUyOTYxNTIsImV4cCI6MTY1NjE2MDE1Mn0.84uqFQQRwnfGbGizws8IJld_bHSIiNNgeK3fUR8x1wE', 'Content-Length': '0'} 
 body=None 
 </msg>
<msg timestamp="20220615 09:29:12.811" level="INFO">DELETE Response : url=https://getgeeks-users-elidio.herokuapp.com/users 
 status=204, reason=No Content 
 headers={'Server': 'Cowboy', 'Content-Length': '0', 'Connection': 'keep-alive', 'X-Powered-By': 'Express', 'Access-Control-Allow-Origin': '*', 'Date': 'Wed, 15 Jun 2022 12:29:12 GMT', 'Via': '1.1 vegur'} 
 body=None 
 </msg>
<msg timestamp="20220615 09:29:12.812" level="INFO">${response} = &lt;Response [204]&gt;</msg>
<status status="PASS" starttime="20220615 09:29:12.100" endtime="20220615 09:29:12.812"/>
</kw>
<msg timestamp="20220615 09:29:12.812" level="INFO">${response} = &lt;Response [204]&gt;</msg>
<status status="PASS" starttime="20220615 09:29:12.098" endtime="20220615 09:29:12.812"/>
</kw>
<kw name="Status Should Be" library="RequestsLibrary">
<arg>204</arg>
<arg>${response}</arg>
<doc>Fails if response status code is different than the expected.</doc>
<status status="PASS" starttime="20220615 09:29:12.812" endtime="20220615 09:29:12.812"/>
</kw>
<kw name="GET User" library="UsersRoute">
<var>${response}</var>
<arg>${token}</arg>
<kw name="Create Dictionary" library="BuiltIn">
<var>${headers}</var>
<arg>Authorization=${token}</arg>
<doc>Creates and returns a dictionary based on the given ``items``.</doc>
<msg timestamp="20220615 09:29:12.813" level="INFO">${headers} = {'Authorization': 'Bearer eyJhbGciOiJIUzI1NiIsInR5cCI6IkpXVCJ9.eyJpZCI6MTkxLCJpYXQiOjE2NTUyOTYxNTIsImV4cCI6MTY1NjE2MDE1Mn0.84uqFQQRwnfGbGizws8IJld_bHSIiNNgeK3fUR8x1wE'}</msg>
<status status="PASS" starttime="20220615 09:29:12.813" endtime="20220615 09:29:12.813"/>
</kw>
<kw name="GET" library="RequestsLibrary">
<var>${response}</var>
<arg>${API_USERS}/users</arg>
<arg>headers=${headers}</arg>
<arg>expected_status=any</arg>
<doc>Sends a GET request.</doc>
<msg timestamp="20220615 09:29:13.432" level="INFO">GET Request : url=https://getgeeks-users-elidio.herokuapp.com/users 
 path_url=/users 
 headers={'User-Agent': 'python-requests/2.25.1', 'Accept-Encoding': 'gzip, deflate', 'Accept': '*/*', 'Connection': 'keep-alive', 'Authorization': 'Bearer eyJhbGciOiJIUzI1NiIsInR5cCI6IkpXVCJ9.eyJpZCI6MTkxLCJpYXQiOjE2NTUyOTYxNTIsImV4cCI6MTY1NjE2MDE1Mn0.84uqFQQRwnfGbGizws8IJld_bHSIiNNgeK3fUR8x1wE'} 
 body=None 
 </msg>
<msg timestamp="20220615 09:29:13.432" level="INFO">GET Response : url=https://getgeeks-users-elidio.herokuapp.com/users 
 status=404, reason=Not Found 
 headers={'Server': 'Cowboy', 'Connection': 'keep-alive', 'X-Powered-By': 'Express', 'Access-Control-Allow-Origin': '*', 'Date': 'Wed, 15 Jun 2022 12:29:13 GMT', 'Content-Length': '0', 'Via': '1.1 vegur'} 
 body=None 
 </msg>
<msg timestamp="20220615 09:29:13.433" level="INFO">${response} = &lt;Response [404]&gt;</msg>
<status status="PASS" starttime="20220615 09:29:12.813" endtime="20220615 09:29:13.433"/>
</kw>
<msg timestamp="20220615 09:29:13.433" level="INFO">${response} = &lt;Response [404]&gt;</msg>
<status status="PASS" starttime="20220615 09:29:12.812" endtime="20220615 09:29:13.433"/>
</kw>
<kw name="Status Should Be" library="RequestsLibrary">
<arg>404</arg>
<arg>${response}</arg>
<doc>Fails if response status code is different than the expected.</doc>
<status status="PASS" starttime="20220615 09:29:13.434" endtime="20220615 09:29:13.434"/>
</kw>
<status status="PASS" starttime="20220615 09:29:10.767" endtime="20220615 09:29:13.435"/>
</test>
<test id="s1-s3-t4" name="Update user">
<kw name="Factory Update User" library="Users">
<var>${user}</var>
<msg timestamp="20220615 09:29:13.437" level="INFO">${user} = {'before': {'name': 'Ross Test', 'email': 'ross@test.com', 'password': 'pwd123'}, 'after': {'name': 'Test Ross', 'email': 'ross@test.com', 'whatsapp': '11999999992', 'avatar': 'https://gravatar.com/av...</msg>
<status status="PASS" starttime="20220615 09:29:13.437" endtime="20220615 09:29:13.437"/>
</kw>
<kw name="POST User" library="UsersRoute">
<arg>${user}[before]</arg>
<kw name="POST" library="RequestsLibrary">
<var>${response}</var>
<arg>${API_USERS}/users</arg>
<arg>json=${payload}</arg>
<arg>expected_status=any</arg>
<doc>Sends a POST request.</doc>
<msg timestamp="20220615 09:29:14.132" level="INFO">POST Request : url=https://getgeeks-users-elidio.herokuapp.com/users 
 path_url=/users 
 headers={'User-Agent': 'python-requests/2.25.1', 'Accept-Encoding': 'gzip, deflate', 'Accept': '*/*', 'Connection': 'keep-alive', 'Content-Length': '69', 'Content-Type': 'application/json'} 
 body=b'{"name": "Ross Test", "email": "ross@test.com", "password": "pwd123"}' 
 </msg>
<msg timestamp="20220615 09:29:14.132" level="INFO">POST Response : url=https://getgeeks-users-elidio.herokuapp.com/users 
 status=400, reason=Bad Request 
 headers={'Server': 'Cowboy', 'Connection': 'keep-alive', 'X-Powered-By': 'Express', 'Access-Control-Allow-Origin': '*', 'Content-Type': 'application/json; charset=utf-8', 'Content-Length': '31', 'Etag': 'W/"1f-lFUySNKwX3L5eGEwGcNcUoVKWhE"', 'Date': 'Wed, 15 Jun 2022 12:29:14 GMT', 'Via': '1.1 vegur'} 
 body={"error":"User already exists"} 
 </msg>
<msg timestamp="20220615 09:29:14.133" level="INFO">${response} = &lt;Response [400]&gt;</msg>
<status status="PASS" starttime="20220615 09:29:13.438" endtime="20220615 09:29:14.133"/>
</kw>
<status status="PASS" starttime="20220615 09:29:13.437" endtime="20220615 09:29:14.134"/>
</kw>
<kw name="Get Token" library="Helpers">
<var>${token}</var>
<arg>${user}[before]</arg>
<kw name="Create Dictionary" library="BuiltIn">
<var>${payload}</var>
<arg>email=${user}[email]</arg>
<arg>password=${user}[password]</arg>
<doc>Creates and returns a dictionary based on the given ``items``.</doc>
<msg timestamp="20220615 09:29:14.139" level="INFO">${payload} = {'email': 'ross@test.com', 'password': 'pwd123'}</msg>
<status status="PASS" starttime="20220615 09:29:14.136" endtime="20220615 09:29:14.139"/>
</kw>
<kw name="POST Session" library="SessionsRoute">
<var>${response}</var>
<arg>${payload}</arg>
<kw name="POST" library="RequestsLibrary">
<var>${response}</var>
<arg>${API_USERS}/sessions</arg>
<arg>json=${payload}</arg>
<arg>expected_status=any</arg>
<doc>Sends a POST request.</doc>
<msg timestamp="20220615 09:29:14.779" level="INFO">POST Request : url=https://getgeeks-users-elidio.herokuapp.com/sessions 
 path_url=/sessions 
 headers={'User-Agent': 'python-requests/2.25.1', 'Accept-Encoding': 'gzip, deflate', 'Accept': '*/*', 'Connection': 'keep-alive', 'Content-Length': '48', 'Content-Type': 'application/json'} 
 body=b'{"email": "ross@test.com", "password": "pwd123"}' 
 </msg>
<msg timestamp="20220615 09:29:14.779" level="INFO">POST Response : url=https://getgeeks-users-elidio.herokuapp.com/sessions 
 status=200, reason=OK 
 headers={'Server': 'Cowboy', 'Connection': 'keep-alive', 'X-Powered-By': 'Express', 'Access-Control-Allow-Origin': '*', 'Content-Type': 'application/json; charset=utf-8', 'Content-Length': '445', 'Etag': 'W/"1bd-qEw5Zd6Ap37znTbsfk6ON+GYwtY"', 'Date': 'Wed, 15 Jun 2022 12:29:14 GMT', 'Via': '1.1 vegur'} 
 body={"user":{"id":157,"email":"ross@test.com","password_hash":"$2b$08$gQuIxSpfogk/a0Aft7MYOu8B5zBFu9pi1nK8KfmGdYVV2hTJxyZFq","name":"Test Ross","avatar":"https://gravatar.com/avatar/b83aa73d262a7beebbbf8008564f02a4?s=400&amp;d=robohash&amp;r=x","whatsapp":"11999999992","is_geek":false},"token":"eyJhbGciOiJIUzI1NiIsInR5cCI6IkpXVCJ9.eyJpZCI6MTU3LCJpYXQiOjE2NTUyOTYxNTQsImV4cCI6MTY1NjE2MDE1NH0.LoxRLutaki8-f7LZMbAuq_ka_SKHlBeKPjTdPg4nXck","expires_in":"10d"} 
 </msg>
<msg timestamp="20220615 09:29:14.779" level="INFO">${response} = &lt;Response [200]&gt;</msg>
<status status="PASS" starttime="20220615 09:29:14.141" endtime="20220615 09:29:14.779"/>
</kw>
<msg timestamp="20220615 09:29:14.779" level="INFO">${response} = &lt;Response [200]&gt;</msg>
<status status="PASS" starttime="20220615 09:29:14.140" endtime="20220615 09:29:14.779"/>
</kw>
<kw name="Set Variable" library="BuiltIn">
<var>${result}</var>
<arg>${EMPTY}</arg>
<doc>Returns the given values which can then be assigned to a variables.</doc>
<msg timestamp="20220615 09:29:14.780" level="INFO">${result} = </msg>
<status status="PASS" starttime="20220615 09:29:14.780" endtime="20220615 09:29:14.780"/>
</kw>
<if>
<branch type="IF" condition="&quot;200&quot; in &quot;${response}&quot;">
<kw name="Set Variable" library="BuiltIn">
<var>${result}</var>
<arg>Bearer ${response.json()}[token]</arg>
<doc>Returns the given values which can then be assigned to a variables.</doc>
<msg timestamp="20220615 09:29:14.781" level="INFO">${result} = Bearer eyJhbGciOiJIUzI1NiIsInR5cCI6IkpXVCJ9.eyJpZCI6MTU3LCJpYXQiOjE2NTUyOTYxNTQsImV4cCI6MTY1NjE2MDE1NH0.LoxRLutaki8-f7LZMbAuq_ka_SKHlBeKPjTdPg4nXck</msg>
<status status="PASS" starttime="20220615 09:29:14.781" endtime="20220615 09:29:14.781"/>
</kw>
<status status="PASS" starttime="20220615 09:29:14.780" endtime="20220615 09:29:14.781"/>
</branch>
<status status="PASS" starttime="20220615 09:29:14.780" endtime="20220615 09:29:14.781"/>
</if>
<msg timestamp="20220615 09:29:14.782" level="INFO">${token} = Bearer eyJhbGciOiJIUzI1NiIsInR5cCI6IkpXVCJ9.eyJpZCI6MTU3LCJpYXQiOjE2NTUyOTYxNTQsImV4cCI6MTY1NjE2MDE1NH0.LoxRLutaki8-f7LZMbAuq_ka_SKHlBeKPjTdPg4nXck</msg>
<status status="PASS" starttime="20220615 09:29:14.135" endtime="20220615 09:29:14.782"/>
</kw>
<kw name="PUT User" library="UsersRoute">
<var>${response}</var>
<arg>${token}</arg>
<arg>${user}[after]</arg>
<kw name="Create Dictionary" library="BuiltIn">
<var>${headers}</var>
<arg>Authorization=${token}</arg>
<doc>Creates and returns a dictionary based on the given ``items``.</doc>
<msg timestamp="20220615 09:29:14.783" level="INFO">${headers} = {'Authorization': 'Bearer eyJhbGciOiJIUzI1NiIsInR5cCI6IkpXVCJ9.eyJpZCI6MTU3LCJpYXQiOjE2NTUyOTYxNTQsImV4cCI6MTY1NjE2MDE1NH0.LoxRLutaki8-f7LZMbAuq_ka_SKHlBeKPjTdPg4nXck'}</msg>
<status status="PASS" starttime="20220615 09:29:14.782" endtime="20220615 09:29:14.783"/>
</kw>
<kw name="PUT" library="RequestsLibrary">
<var>${response}</var>
<arg>${API_USERS}/users</arg>
<arg>headers=${headers}</arg>
<arg>json=${payload}</arg>
<arg>expected_status=any</arg>
<doc>Sends a PUT request.</doc>
<msg timestamp="20220615 09:29:15.414" level="INFO">PUT Request : url=https://getgeeks-users-elidio.herokuapp.com/users 
 path_url=/users 
 headers={'User-Agent': 'python-requests/2.25.1', 'Accept-Encoding': 'gzip, deflate', 'Accept': '*/*', 'Connection': 'keep-alive', 'Authorization': 'Bearer eyJhbGciOiJIUzI1NiIsInR5cCI6IkpXVCJ9.eyJpZCI6MTU3LCJpYXQiOjE2NTUyOTYxNTQsImV4cCI6MTY1NjE2MDE1NH0.LoxRLutaki8-f7LZMbAuq_ka_SKHlBeKPjTdPg4nXck', 'Content-Length': '169', 'Content-Type': 'application/json'} 
 body=b'{"name": "Test Ross", "email": "ross@test.com", "whatsapp": "11999999992", "avatar": "https://gravatar.com/avatar/b83aa73d262a7beebbbf8008564f02a4?s=400&amp;d=robohash&amp;r=x"}' 
 </msg>
<msg timestamp="20220615 09:29:15.414" level="INFO">PUT Response : url=https://getgeeks-users-elidio.herokuapp.com/users 
 status=200, reason=OK 
 headers={'Server': 'Cowboy', 'Connection': 'keep-alive', 'X-Powered-By': 'Express', 'Access-Control-Allow-Origin': '*', 'Date': 'Wed, 15 Jun 2022 12:29:15 GMT', 'Content-Length': '0', 'Via': '1.1 vegur'} 
 body=None 
 </msg>
<msg timestamp="20220615 09:29:15.414" level="INFO">${response} = &lt;Response [200]&gt;</msg>
<status status="PASS" starttime="20220615 09:29:14.783" endtime="20220615 09:29:15.414"/>
</kw>
<msg timestamp="20220615 09:29:15.415" level="INFO">${response} = &lt;Response [200]&gt;</msg>
<status status="PASS" starttime="20220615 09:29:14.782" endtime="20220615 09:29:15.415"/>
</kw>
<kw name="Status Should Be" library="RequestsLibrary">
<arg>200</arg>
<arg>${response}</arg>
<doc>Fails if response status code is different than the expected.</doc>
<status status="PASS" starttime="20220615 09:29:15.415" endtime="20220615 09:29:15.416"/>
</kw>
<kw name="GET User" library="UsersRoute">
<var>${response}</var>
<arg>${token}</arg>
<kw name="Create Dictionary" library="BuiltIn">
<var>${headers}</var>
<arg>Authorization=${token}</arg>
<doc>Creates and returns a dictionary based on the given ``items``.</doc>
<msg timestamp="20220615 09:29:15.418" level="INFO">${headers} = {'Authorization': 'Bearer eyJhbGciOiJIUzI1NiIsInR5cCI6IkpXVCJ9.eyJpZCI6MTU3LCJpYXQiOjE2NTUyOTYxNTQsImV4cCI6MTY1NjE2MDE1NH0.LoxRLutaki8-f7LZMbAuq_ka_SKHlBeKPjTdPg4nXck'}</msg>
<status status="PASS" starttime="20220615 09:29:15.417" endtime="20220615 09:29:15.418"/>
</kw>
<kw name="GET" library="RequestsLibrary">
<var>${response}</var>
<arg>${API_USERS}/users</arg>
<arg>headers=${headers}</arg>
<arg>expected_status=any</arg>
<doc>Sends a GET request.</doc>
<msg timestamp="20220615 09:29:16.041" level="INFO">GET Request : url=https://getgeeks-users-elidio.herokuapp.com/users 
 path_url=/users 
 headers={'User-Agent': 'python-requests/2.25.1', 'Accept-Encoding': 'gzip, deflate', 'Accept': '*/*', 'Connection': 'keep-alive', 'Authorization': 'Bearer eyJhbGciOiJIUzI1NiIsInR5cCI6IkpXVCJ9.eyJpZCI6MTU3LCJpYXQiOjE2NTUyOTYxNTQsImV4cCI6MTY1NjE2MDE1NH0.LoxRLutaki8-f7LZMbAuq_ka_SKHlBeKPjTdPg4nXck'} 
 body=None 
 </msg>
<msg timestamp="20220615 09:29:16.042" level="INFO">GET Response : url=https://getgeeks-users-elidio.herokuapp.com/users 
 status=200, reason=OK 
 headers={'Server': 'Cowboy', 'Connection': 'keep-alive', 'X-Powered-By': 'Express', 'Access-Control-Allow-Origin': '*', 'Content-Type': 'application/json; charset=utf-8', 'Content-Length': '266', 'Etag': 'W/"10a-vMA7ABlbty3mM5KY4SNJf/iJyoE"', 'Date': 'Wed, 15 Jun 2022 12:29:15 GMT', 'Via': '1.1 vegur'} 
 body={"id":157,"email":"ross@test.com","password_hash":"$2b$08$gQuIxSpfogk/a0Aft7MYOu8B5zBFu9pi1nK8KfmGdYVV2hTJxyZFq","name":"Test Ross","avatar":"https://gravatar.com/avatar/b83aa73d262a7beebbbf8008564f02a4?s=400&amp;d=robohash&amp;r=x","whatsapp":"11999999992","is_geek":false} 
 </msg>
<msg timestamp="20220615 09:29:16.042" level="INFO">${response} = &lt;Response [200]&gt;</msg>
<status status="PASS" starttime="20220615 09:29:15.418" endtime="20220615 09:29:16.042"/>
</kw>
<msg timestamp="20220615 09:29:16.042" level="INFO">${response} = &lt;Response [200]&gt;</msg>
<status status="PASS" starttime="20220615 09:29:15.416" endtime="20220615 09:29:16.042"/>
</kw>
<kw name="Status Should Be" library="RequestsLibrary">
<arg>200</arg>
<arg>${response}</arg>
<doc>Fails if response status code is different than the expected.</doc>
<status status="PASS" starttime="20220615 09:29:16.042" endtime="20220615 09:29:16.042"/>
</kw>
<kw name="Should Be Equal As Strings" library="BuiltIn">
<arg>${user}[after][name]</arg>
<arg>${response.json()}[name]</arg>
<doc>Fails if objects are unequal after converting them to strings.</doc>
<status status="PASS" starttime="20220615 09:29:16.043" endtime="20220615 09:29:16.043"/>
</kw>
<kw name="Should Be Equal As Strings" library="BuiltIn">
<arg>${user}[after][email]</arg>
<arg>${response.json()}[email]</arg>
<doc>Fails if objects are unequal after converting them to strings.</doc>
<status status="PASS" starttime="20220615 09:29:16.043" endtime="20220615 09:29:16.044"/>
</kw>
<kw name="Should Be Equal As Strings" library="BuiltIn">
<arg>${user}[after][whatsapp]</arg>
<arg>${response.json()}[whatsapp]</arg>
<doc>Fails if objects are unequal after converting them to strings.</doc>
<status status="PASS" starttime="20220615 09:29:16.044" endtime="20220615 09:29:16.045"/>
</kw>
<kw name="Should Be Equal As Strings" library="BuiltIn">
<arg>${user}[after][avatar]</arg>
<arg>${response.json()}[avatar]</arg>
<doc>Fails if objects are unequal after converting them to strings.</doc>
<status status="PASS" starttime="20220615 09:29:16.045" endtime="20220615 09:29:16.045"/>
</kw>
<kw name="Should Be Equal As Strings" library="BuiltIn">
<arg>False</arg>
<arg>${response.json()}[is_geek]</arg>
<doc>Fails if objects are unequal after converting them to strings.</doc>
<msg timestamp="20220615 09:29:16.046" level="INFO">Argument types are:
&lt;type 'unicode'&gt;
&lt;class 'bool'&gt;</msg>
<status status="PASS" starttime="20220615 09:29:16.045" endtime="20220615 09:29:16.046"/>
</kw>
<status status="PASS" starttime="20220615 09:29:13.436" endtime="20220615 09:29:16.046"/>
</test>
<doc>Users route test suite</doc>
<status status="PASS" starttime="20220615 09:29:06.677" endtime="20220615 09:29:16.047"/>
</suite>
<status status="PASS" starttime="20220615 09:28:48.511" endtime="20220615 09:29:16.048"/>
</suite>
<statistics>
<total>
<stat pass="8" fail="0" skip="0">All Tests</stat>
</total>
<tag>
</tag>
<suite>
<stat pass="8" fail="0" skip="0" id="s1" name="Tests">Tests</stat>
<stat pass="2" fail="0" skip="0" id="s1-s1" name="Geeks">Tests.Geeks</stat>
<stat pass="2" fail="0" skip="0" id="s1-s2" name="Sessions">Tests.Sessions</stat>
<stat pass="4" fail="0" skip="0" id="s1-s3" name="Users">Tests.Users</stat>
</suite>
</statistics>
<errors>
</errors>
</robot>
