<?xml version="1.0" encoding="UTF-8"?>
<testsuite name="Tests" tests="8" errors="0" failures="0" skipped="0" time="27.537">
<testcase classname="Tests.Geeks" name="Be a geek" time="4.212">
</testcase>
<testcase classname="Tests.Geeks" name="Get Geek List" time="7.969">
</testcase>
<testcase classname="Tests.Sessions" name="User Session" time="1.291">
</testcase>
<testcase classname="Tests.Sessions" name="Should Not Get Token" time="4.505">
</testcase>
<testcase classname="Tests.Users" name="Add new user" time="2.128">
</testcase>
<testcase classname="Tests.Users" name="Get user data" time="1.950">
</testcase>
<testcase classname="Tests.Users" name="Remove user" time="2.668">
</testcase>
<testcase classname="Tests.Users" name="Update user" time="2.610">
</testcase>
</testsuite>
